<?xml version="1.0" encoding="UTF-8"?>
<!-- Generated by org.testng.reporters.JUnitXMLReporter -->
<testsuite ignored="8" hostname="DESKTOP-DC5U0BQ" failures="0" tests="1" name="Default test" time="92.101" errors="0" timestamp="2023-06-12T20:34:49 IST">
  <testcase classname="Page_Test.Home_Page_Test" name="TC035_Service_information" time="73.444"/>
  <testcase classname="Page_Test.Home_Page_Test" name="TC023_Verify_Dealer_Locator" time="0.0">
    <ignored/>
  </testcase> <!-- TC023_Verify_Dealer_Locator -->
  <testcase classname="Page_Test.Home_Page_Test" name="TC024_Select_city" time="0.0">
    <ignored/>
  </testcase> <!-- TC024_Select_city -->
  <testcase classname="Page_Test.Home_Page_Test" name="TC021_Verify_RSA" time="0.0">
    <ignored/>
  </testcase> <!-- TC021_Verify_RSA -->
  <testcase classname="Page_Test.Home_Page_Test" name="TC017_Home_page_verify" time="0.0">
    <ignored/>
  </testcase> <!-- TC017_Home_page_verify -->
  <testcase classname="Page_Test.Home_Page_Test" name="TC022_Verify_Technical_Support_Manager" time="0.0">
    <ignored/>
  </testcase> <!-- TC022_Verify_Technical_Support_Manager -->
  <testcase classname="Page_Test.Home_Page_Test" name="TC019_Verify_Documents" time="0.0">
    <ignored/>
  </testcase> <!-- TC019_Verify_Documents -->
  <testcase classname="Page_Test.Home_Page_Test" name="TC025_View_dealer_name_and_address" time="0.0">
    <ignored/>
  </testcase> <!-- TC025_View_dealer_name_and_address -->
  <testcase classname="Page_Test.Home_Page_Test" name="TC020_Verify_Relationship_Manager" time="0.0">
    <ignored/>
  </testcase> <!-- TC020_Verify_Relationship_Manager -->
</testsuite> <!-- Default test -->
