<?xml version="1.0" encoding="UTF-8"?>
<!-- Generated by org.testng.reporters.JUnitXMLReporter -->
<testsuite ignored="10" hostname="DESKTOP-DC5U0BQ" failures="0" tests="1" name="Default test" time="23.157" errors="0" timestamp="2023-09-12T14:10:15 IST">
  <testcase classname="Page_Test.Login_Page_Test" name="TC001_Verify_Login_with_Invalid_credential" time="4.889"/>
  <testcase classname="Page_Test.Login_Page_Test" name="TC007_contact_Us" time="0.0">
    <ignored/>
  </testcase> <!-- TC007_contact_Us -->
  <testcase classname="Page_Test.Login_Page_Test" name="TC009_resend_butn" time="0.0">
    <ignored/>
  </testcase> <!-- TC009_resend_butn -->
  <testcase classname="Page_Test.Login_Page_Test" name="TC010_inavalid_OTP" time="0.0">
    <ignored/>
  </testcase> <!-- TC010_inavalid_OTP -->
  <testcase classname="Page_Test.Login_Page_Test" name="TC008_Verify_Login_with_valid_credential" time="0.0">
    <ignored/>
  </testcase> <!-- TC008_Verify_Login_with_valid_credential -->
  <testcase classname="Page_Test.Login_Page_Test" name="TC011_edit_moble" time="0.0">
    <ignored/>
  </testcase> <!-- TC011_edit_moble -->
  <testcase classname="Page_Test.Login_Page_Test" name="TC003_Verify_Login_with_short_length_of_mobile_number_credential" time="0.0">
    <ignored/>
  </testcase> <!-- TC003_Verify_Login_with_short_length_of_mobile_number_credential -->
  <testcase classname="Page_Test.Login_Page_Test" name="TC005_Terms_of_use_button" time="0.0">
    <ignored/>
  </testcase> <!-- TC005_Terms_of_use_button -->
  <testcase classname="Page_Test.Login_Page_Test" name="TC006_Privacy_policy" time="0.0">
    <ignored/>
  </testcase> <!-- TC006_Privacy_policy -->
  <testcase classname="Page_Test.Login_Page_Test" name="TC002_invalidmobileno" time="0.0">
    <ignored/>
  </testcase> <!-- TC002_invalidmobileno -->
  <testcase classname="Page_Test.Login_Page_Test" name="TC004_max_digit_mobile_number" time="0.0">
    <ignored/>
  </testcase> <!-- TC004_max_digit_mobile_number -->
</testsuite> <!-- Default test -->
