<?xml version="1.0" encoding="UTF-8"?>
<!-- Generated by org.testng.reporters.JUnitXMLReporter -->
<testsuite ignored="4" hostname="DESKTOP-DC5U0BQ" failures="3" tests="38" name="All test class" time="986.564" errors="0" timestamp="2023-06-28T12:58:06 IST">
  <testcase classname="Page_Test.Login_Page_Test" name="TC001_Verify_Login_with_Invalid_credential" time="11.051"/>
  <testcase classname="Page_Test.Login_Page_Test" name="TC002_invalidmobileno" time="7.984"/>
  <testcase classname="Page_Test.Login_Page_Test" name="TC003_Verify_Login_with_short_length_of_mobile_number_credential" time="4.536"/>
  <testcase classname="Page_Test.Login_Page_Test" name="TC004_max_digit_mobile_number" time="6.969"/>
  <testcase classname="Page_Test.Login_Page_Test" name="TC005_Terms_of_use_button" time="16.918"/>
  <testcase classname="Page_Test.Login_Page_Test" name="TC006_Privacy_policy" time="10.289"/>
  <testcase classname="Page_Test.Login_Page_Test" name="TC007_contact_Us" time="6.26"/>
  <testcase classname="Page_Test.Login_Page_Test" name="TC008_Verify_Login_with_valid_credential" time="23.57"/>
  <testcase classname="Page_Test.Login_Page_Test" name="TC009_resend_butn" time="20.852"/>
  <testcase classname="Page_Test.Login_Page_Test" name="TC010_inavalid_OTP" time="17.971"/>
  <testcase classname="Page_Test.Login_Page_Test" name="TC011_edit_moble" time="40.623"/>
  <testcase classname="Page_Test.Select_Vehicle_Page_Test" name="TC012_verify_Nick_Name" time="15.135"/>
  <testcase classname="Page_Test.Select_Vehicle_Page_Test" name="TC013_Verify_With_30_letter_nick_name" time="10.514"/>
  <testcase classname="Page_Test.Select_Vehicle_Page_Test" name="TC014_Verify_With_31_letter_nick_name" time="9.585"/>
  <testcase classname="Page_Test.Select_Vehicle_Page_Test" name="TC015_Verify_With_29_letter_nick_name" time="10.747"/>
  <testcase classname="Page_Test.Select_Vehicle_Page_Test" name="TC016_Select_Vehicle" time="19.896"/>
  <testcase classname="Page_Test.Home_Page_Test" name="TC017_Home_page_verify" time="24.267"/>
  <testcase classname="Page_Test.Home_Page_Test" name="TC019_Verify_Documents" time="111.867"/>
  <testcase classname="Page_Test.Home_Page_Test" name="TC020_Verify_Relationship_Manager" time="21.293"/>
  <testcase classname="Page_Test.Home_Page_Test" name="TC021_Verify_RSA" time="9.328"/>
  <testcase classname="Page_Test.Home_Page_Test" name="TC022_Verify_Technical_Support_Manager" time="8.189"/>
  <testcase classname="Page_Test.Home_Page_Test" name="TC023_Verify_Dealer_Locator" time="14.849"/>
  <testcase classname="Page_Test.Home_Page_Test" name="TC024_Select_city" time="42.184"/>
  <testcase classname="Page_Test.Home_Page_Test" name="TC025_View_dealer_name_and_address" time="20.508"/>
  <testcase classname="Page_Test.My_Profile_Page_Test" name="TC027_Verify_My_Profile" time="11.895"/>
  <testcase classname="Page_Test.My_Profile_Page_Test" name="TC028_verify_more_detais_button" time="5.18"/>
  <testcase classname="Page_Test.My_Profile_Page_Test" name="TC029_edit_profile_button" time="22.976"/>
  <testcase classname="Page_Test.My_Profile_Page_Test" name="TC030_edit_Personal_Details" time="94.718"/>
  <testcase classname="Page_Test.My_Profile_Page_Test" name="TC031_change_original_Personal_Details" time="35.311"/>
  <testcase classname="Page_Test.My_Profile_Page_Test" name="TC032_Manage_License" time="24.804"/>
  <testcase classname="Page_Test.My_Profile_Page_Test" name="TC033_Verify_emergency_contacts" time="19.065"/>
  <testcase classname="Page_Test.Services_Page_Test" name="TC034_Vehicle_details_on_service_page" time="6.949"/>
  <testcase classname="Page_Test.Services_Page_Test" name="TC035_verify_service_type" time="2.281"/>
  <testcase classname="Page_Test.Services_Page_Test" name="TC036_verify_Dealer_information" time="7.035"/>
  <testcase classname="Page_Test.Services_Page_Test" name="TC037_Verify_dealer_manager_info" time="7.198"/>
  <testcase classname="Page_Test.Services_Page_Test" name="TC038_Verify_Last_Serviced" time="207.649">
    <failure type="org.openqa.selenium.WebDriverException" message="&amp;lt;html&amp;gt;
&amp;lt;head&amp;gt;&amp;lt;title&amp;gt;502 Bad Gateway&amp;lt;/title&amp;gt;&amp;lt;/head&amp;gt;
&amp;lt;body&amp;gt;
&amp;lt;center&amp;gt;&amp;lt;h1&amp;gt;502 Bad Gateway&amp;lt;/h1&amp;gt;&amp;lt;/center&amp;gt;
&amp;lt;hr&amp;gt;&amp;lt;center&amp;gt;nginx&amp;lt;/center&amp;gt;
&amp;lt;/body&amp;gt;
&amp;lt;/html&amp;gt;
Command duration or timeout: 113 milliseconds
Build info: version: &amp;apos;4.8.1&amp;apos;, revision: &amp;apos;8ebccac989&amp;apos;
System info: os.name: &amp;apos;Windows 11&amp;apos;, os.arch: &amp;apos;amd64&amp;apos;, os.version: &amp;apos;10.0&amp;apos;, java.version: &amp;apos;19.0.1&amp;apos;
Driver info: io.appium.java_client.android.AndroidDriver
Command: [4a4a610d-fafe-438e-8d19-97bf6c69a1d8, findElements {using=xpath, value=//android.widget.TextView[contains(@resource-id,&amp;apos;com.customerapp.hero:id&amp;apos;)]}]
Capabilities {appium:app: /opt/raid-data/data/userV2/..., appium:appActivity: com.customerapp.hero.views...., appium:appPackage: com.customerapp.hero, appium:appiumVersion: 2.0.0, appium:automationName: uiautomator2, appium:chromedriverPort: 30302, appium:databaseEnabled: false, appium:desired: {app: /opt/raid-data/data/userV2/..., appActivity: com.customerapp.hero.views...., appPackage: com.customerapp.hero, appiumVersion: 2.0.0, automationName: uiautomator2, chromedriverPort: 30302, deviceName: 805, launchTimeout: 90000, newCommandTimeout: 600, pCloudy_ApiKey: 2gdc5pv55mh54mqtwmvj4xbr, pCloudy_DeviceManufacturer: GOOGLE, pCloudy_DeviceVersion: 13.0.0, pCloudy_DurationInMinutes: 40, pCloudy_EnableDeviceLogs: true, pCloudy_EnablePerformanceData: false, pCloudy_EnableVideo: true, pCloudy_Username: randhir.kumar@heromotocorp.com, pCloudy_WildNet: false, platformName: android, platformVersion: 13.0.0, systemPort: 30304, udid: 2B081FDH3003ZV}, appium:deviceApiLevel: 33, appium:deviceManufacturer: Google, appium:deviceModel: Pixel 7 Pro, appium:deviceName: 2B081FDH3003ZV, appium:deviceScreenDensity: 420, appium:deviceScreenSize: 1440x3120, appium:deviceUDID: 2B081FDH3003ZV, appium:javascriptEnabled: true, appium:launchTimeout: 90000, appium:locationContextEnabled: false, appium:networkConnectionEnabled: true, appium:newCommandTimeout: 600, appium:pCloudy_ApiKey: 2gdc5pv55mh54mqtwmvj4xbr, appium:pCloudy_DeviceManufacturer: GOOGLE, appium:pCloudy_DeviceVersion: 13.0.0, appium:pCloudy_DurationInMinutes: 40, appium:pCloudy_EnableDeviceLogs: true, appium:pCloudy_EnablePerformanceData: false, appium:pCloudy_EnableVideo: true, appium:pCloudy_Username: randhir.kumar@heromotocorp.com, appium:pCloudy_WildNet: false, appium:pixelRatio: 2.625, appium:platformVersion: 13, appium:statBarHeight: 130, appium:systemPort: 30304, appium:takesScreenshot: true, appium:udid: 2B081FDH3003ZV, appium:viewportRect: {height: 2734, left: 0, top: 130, width: 1440}, appium:warnings: {}, appium:webStorageEnabled: false, platformName: ANDROID}
Session ID: 4a4a610d-fafe-438e-8d19-97bf6c69a1d8">
      <![CDATA[org.openqa.selenium.WebDriverException: <html>
<head><title>502 Bad Gateway</title></head>
<body>
<center><h1>502 Bad Gateway</h1></center>
<hr><center>nginx</center>
</body>
</html>
Command duration or timeout: 113 milliseconds
Build info: version: '4.8.1', revision: '8ebccac989'
System info: os.name: 'Windows 11', os.arch: 'amd64', os.version: '10.0', java.version: '19.0.1'
Driver info: io.appium.java_client.android.AndroidDriver
Command: [4a4a610d-fafe-438e-8d19-97bf6c69a1d8, findElements {using=xpath, value=//android.widget.TextView[contains(@resource-id,'com.customerapp.hero:id')]}]
Capabilities {appium:app: /opt/raid-data/data/userV2/..., appium:appActivity: com.customerapp.hero.views...., appium:appPackage: com.customerapp.hero, appium:appiumVersion: 2.0.0, appium:automationName: uiautomator2, appium:chromedriverPort: 30302, appium:databaseEnabled: false, appium:desired: {app: /opt/raid-data/data/userV2/..., appActivity: com.customerapp.hero.views...., appPackage: com.customerapp.hero, appiumVersion: 2.0.0, automationName: uiautomator2, chromedriverPort: 30302, deviceName: 805, launchTimeout: 90000, newCommandTimeout: 600, pCloudy_ApiKey: 2gdc5pv55mh54mqtwmvj4xbr, pCloudy_DeviceManufacturer: GOOGLE, pCloudy_DeviceVersion: 13.0.0, pCloudy_DurationInMinutes: 40, pCloudy_EnableDeviceLogs: true, pCloudy_EnablePerformanceData: false, pCloudy_EnableVideo: true, pCloudy_Username: randhir.kumar@heromotocorp.com, pCloudy_WildNet: false, platformName: android, platformVersion: 13.0.0, systemPort: 30304, udid: 2B081FDH3003ZV}, appium:deviceApiLevel: 33, appium:deviceManufacturer: Google, appium:deviceModel: Pixel 7 Pro, appium:deviceName: 2B081FDH3003ZV, appium:deviceScreenDensity: 420, appium:deviceScreenSize: 1440x3120, appium:deviceUDID: 2B081FDH3003ZV, appium:javascriptEnabled: true, appium:launchTimeout: 90000, appium:locationContextEnabled: false, appium:networkConnectionEnabled: true, appium:newCommandTimeout: 600, appium:pCloudy_ApiKey: 2gdc5pv55mh54mqtwmvj4xbr, appium:pCloudy_DeviceManufacturer: GOOGLE, appium:pCloudy_DeviceVersion: 13.0.0, appium:pCloudy_DurationInMinutes: 40, appium:pCloudy_EnableDeviceLogs: true, appium:pCloudy_EnablePerformanceData: false, appium:pCloudy_EnableVideo: true, appium:pCloudy_Username: randhir.kumar@heromotocorp.com, appium:pCloudy_WildNet: false, appium:pixelRatio: 2.625, appium:platformVersion: 13, appium:statBarHeight: 130, appium:systemPort: 30304, appium:takesScreenshot: true, appium:udid: 2B081FDH3003ZV, appium:viewportRect: {height: 2734, left: 0, top: 130, width: 1440}, appium:warnings: {}, appium:webStorageEnabled: false, platformName: ANDROID}
Session ID: 4a4a610d-fafe-438e-8d19-97bf6c69a1d8
at org.openqa.selenium.remote.ErrorHandler.createThrowable(ErrorHandler.java:217)
at org.openqa.selenium.remote.ErrorHandler.throwIfResponseFailed(ErrorHandler.java:169)
at org.openqa.selenium.remote.RemoteWebDriver.execute(RemoteWebDriver.java:578)
at org.openqa.selenium.remote.ElementLocation$ElementFinder$2.findElements(ElementLocation.java:179)
at org.openqa.selenium.remote.ElementLocation.findElements(ElementLocation.java:102)
at org.openqa.selenium.remote.RemoteWebDriver.findElements(RemoteWebDriver.java:367)
at org.openqa.selenium.remote.RemoteWebDriver.findElements(RemoteWebDriver.java:359)
at org.openqa.selenium.support.pagefactory.DefaultElementLocator.findElements(DefaultElementLocator.java:87)
at org.openqa.selenium.support.pagefactory.internal.LocatingElementListHandler.invoke(LocatingElementListHandler.java:37)
at jdk.proxy2/jdk.proxy2.$Proxy21.size(Unknown Source)
at com.page_object.Services_Page.Service_history(Services_Page.java:214)
at Page_Test.Services_Page_Test.TC038_Verify_Last_Serviced(Services_Page_Test.java:88)
at java.base/java.util.ArrayList.forEach(ArrayList.java:1511)
... Removed 28 stack frames]]>
    </failure>
  </testcase> <!-- TC038_Verify_Last_Serviced -->
  <testcase classname="Page_Test.Services_Page_Test" name="TC039_Verify_all_tips_list" time="0.457">
    <failure type="org.openqa.selenium.json.JsonException" message="Unable to parse: ">
      <![CDATA[org.openqa.selenium.json.JsonException: Unable to parse: 
at org.openqa.selenium.json.Json.toType(Json.java:57)
at org.openqa.selenium.json.Json.toType(Json.java:50)
at org.openqa.selenium.remote.codec.w3c.W3CHttpResponseCodec.decode(W3CHttpResponseCodec.java:99)
at org.openqa.selenium.remote.codec.w3c.W3CHttpResponseCodec.decode(W3CHttpResponseCodec.java:53)
at org.openqa.selenium.remote.HttpCommandExecutor.execute(HttpCommandExecutor.java:184)
at io.appium.java_client.remote.AppiumCommandExecutor.execute(AppiumCommandExecutor.java:262)
at org.openqa.selenium.remote.RemoteWebDriver.execute(RemoteWebDriver.java:543)
at org.openqa.selenium.remote.ElementLocation$ElementFinder$2.findElements(ElementLocation.java:179)
at org.openqa.selenium.remote.ElementLocation.findElements(ElementLocation.java:102)
at org.openqa.selenium.remote.RemoteWebDriver.findElements(RemoteWebDriver.java:367)
at org.openqa.selenium.remote.RemoteWebDriver.findElements(RemoteWebDriver.java:359)
at org.openqa.selenium.support.pagefactory.DefaultElementLocator.findElements(DefaultElementLocator.java:87)
at org.openqa.selenium.support.pagefactory.internal.LocatingElementListHandler.invoke(LocatingElementListHandler.java:37)
at jdk.proxy2/jdk.proxy2.$Proxy21.size(Unknown Source)
at com.page_object.Services_Page.tips_list(Services_Page.java:287)
at Page_Test.Services_Page_Test.TC039_Verify_all_tips_list(Services_Page_Test.java:96)
at java.base/java.util.ArrayList.forEach(ArrayList.java:1511)
Caused by: org.openqa.selenium.json.JsonException: Expected to read a START_MAP but instead have: END. Last 0 characters read: 
Build info: version: '4.8.1', revision: '8ebccac989'
System info: os.name: 'Windows 11', os.arch: 'amd64', os.version: '10.0', java.version: '19.0.1'
Driver info: driver.version: RemoteWebDriver
at org.openqa.selenium.json.JsonInput.expect(JsonInput.java:307)
at org.openqa.selenium.json.JsonInput.beginObject(JsonInput.java:229)
at org.openqa.selenium.json.MapCoercer.lambda$apply$1(MapCoercer.java:64)
at org.openqa.selenium.json.JsonTypeCoercer.lambda$buildCoercer$6(JsonTypeCoercer.java:145)
at org.openqa.selenium.json.JsonTypeCoercer.coerce(JsonTypeCoercer.java:127)
at org.openqa.selenium.json.Json.toType(Json.java:71)
at org.openqa.selenium.json.Json.toType(Json.java:55)
... 41 more
... Removed 25 stack frames]]>
    </failure>
  </testcase> <!-- TC039_Verify_all_tips_list -->
  <testcase classname="Page_Test.Services_Page_Test" name="TC040_Verify_all_DIY_Videos_list" time="0.259">
    <failure type="org.openqa.selenium.json.JsonException" message="Unable to parse: ">
      <![CDATA[org.openqa.selenium.json.JsonException: Unable to parse: 
at org.openqa.selenium.json.Json.toType(Json.java:57)
at org.openqa.selenium.json.Json.toType(Json.java:50)
at org.openqa.selenium.remote.codec.w3c.W3CHttpResponseCodec.decode(W3CHttpResponseCodec.java:99)
at org.openqa.selenium.remote.codec.w3c.W3CHttpResponseCodec.decode(W3CHttpResponseCodec.java:53)
at org.openqa.selenium.remote.HttpCommandExecutor.execute(HttpCommandExecutor.java:184)
at io.appium.java_client.remote.AppiumCommandExecutor.execute(AppiumCommandExecutor.java:262)
at org.openqa.selenium.remote.RemoteWebDriver.execute(RemoteWebDriver.java:543)
at org.openqa.selenium.remote.ElementLocation$ElementFinder$2.findElements(ElementLocation.java:179)
at org.openqa.selenium.remote.ElementLocation.findElements(ElementLocation.java:102)
at org.openqa.selenium.remote.RemoteWebDriver.findElements(RemoteWebDriver.java:367)
at org.openqa.selenium.remote.RemoteWebDriver.findElements(RemoteWebDriver.java:359)
at org.openqa.selenium.support.pagefactory.DefaultElementLocator.findElements(DefaultElementLocator.java:87)
at org.openqa.selenium.support.pagefactory.internal.LocatingElementListHandler.invoke(LocatingElementListHandler.java:37)
at jdk.proxy2/jdk.proxy2.$Proxy21.size(Unknown Source)
at com.page_object.Services_Page.DIY_Videos_list(Services_Page.java:313)
at Page_Test.Services_Page_Test.TC040_Verify_all_DIY_Videos_list(Services_Page_Test.java:102)
at java.base/java.util.ArrayList.forEach(ArrayList.java:1511)
Caused by: org.openqa.selenium.json.JsonException: Expected to read a START_MAP but instead have: END. Last 0 characters read: 
Build info: version: '4.8.1', revision: '8ebccac989'
System info: os.name: 'Windows 11', os.arch: 'amd64', os.version: '10.0', java.version: '19.0.1'
Driver info: driver.version: RemoteWebDriver
at org.openqa.selenium.json.JsonInput.expect(JsonInput.java:307)
at org.openqa.selenium.json.JsonInput.beginObject(JsonInput.java:229)
at org.openqa.selenium.json.MapCoercer.lambda$apply$1(MapCoercer.java:64)
at org.openqa.selenium.json.JsonTypeCoercer.lambda$buildCoercer$6(JsonTypeCoercer.java:145)
at org.openqa.selenium.json.JsonTypeCoercer.coerce(JsonTypeCoercer.java:127)
at org.openqa.selenium.json.Json.toType(Json.java:71)
at org.openqa.selenium.json.Json.toType(Json.java:55)
... 41 more
... Removed 25 stack frames]]>
    </failure>
  </testcase> <!-- TC040_Verify_all_DIY_Videos_list -->
  <testcase classname="com.utility.Base_Utility" name="@BeforeTest OPEN_AND_INSTALL_APP" time="0.0">
    <ignored/>
  </testcase> <!-- @BeforeTest OPEN_AND_INSTALL_APP -->
  <testcase classname="com.utility.Base_Utility" name="@BeforeTest OPEN_AND_INSTALL_APP" time="0.0">
    <ignored/>
  </testcase> <!-- @BeforeTest OPEN_AND_INSTALL_APP -->
  <testcase classname="com.utility.Base_Utility" name="@BeforeTest OPEN_AND_INSTALL_APP" time="0.0">
    <ignored/>
  </testcase> <!-- @BeforeTest OPEN_AND_INSTALL_APP -->
  <testcase classname="com.utility.Base_Utility" name="@BeforeTest OPEN_AND_INSTALL_APP" time="0.0">
    <ignored/>
  </testcase> <!-- @BeforeTest OPEN_AND_INSTALL_APP -->
</testsuite> <!-- All test class -->
