<?xml version="1.0" encoding="UTF-8"?>
<!-- Generated by org.testng.reporters.JUnitXMLReporter -->
<testsuite ignored="4" hostname="DESKTOP-DC5U0BQ" failures="34" tests="38" name="All test class" time="5.95" errors="0" timestamp="2023-07-04T10:21:58 IST">
  <testcase classname="Page_Test.Login_Page_Test" name="TC001_Verify_Login_with_Invalid_credential" time="0.011">
    <failure type="java.lang.NullPointerException" message="Cannot invoke &amp;quot;org.apache.logging.log4j.Logger.error(String)&amp;quot; because &amp;quot;com.utility.Base_Utility.log&amp;quot; is null">
      <![CDATA[java.lang.NullPointerException: Cannot invoke "org.apache.logging.log4j.Logger.error(String)" because "com.utility.Base_Utility.log" is null
at com.utility.Base_Utility.msg(Base_Utility.java:403)
at Page_Test.Login_Page_Test.TC001_Verify_Login_with_Invalid_credential(Login_Page_Test.java:29)
at java.base/java.util.ArrayList.forEach(ArrayList.java:1511)
... Removed 25 stack frames]]>
    </failure>
  </testcase> <!-- TC001_Verify_Login_with_Invalid_credential -->
  <testcase classname="Page_Test.Login_Page_Test" name="TC002_invalidmobileno" time="0.003">
    <failure type="java.lang.NullPointerException" message="Cannot invoke &amp;quot;com.page_object.Login_page.mobile_No()&amp;quot; because &amp;quot;this.ob&amp;quot; is null">
      <![CDATA[java.lang.NullPointerException: Cannot invoke "com.page_object.Login_page.mobile_No()" because "this.ob" is null
at Page_Test.Login_Page_Test.TC002_invalidmobileno(Login_Page_Test.java:42)
at java.base/java.util.ArrayList.forEach(ArrayList.java:1511)
... Removed 25 stack frames]]>
    </failure>
  </testcase> <!-- TC002_invalidmobileno -->
  <testcase classname="Page_Test.Login_Page_Test" name="TC003_Verify_Login_with_short_length_of_mobile_number_credential" time="0.001">
    <failure type="java.lang.NullPointerException" message="Cannot invoke &amp;quot;com.page_object.Login_page.mobile_No()&amp;quot; because &amp;quot;this.ob&amp;quot; is null">
      <![CDATA[java.lang.NullPointerException: Cannot invoke "com.page_object.Login_page.mobile_No()" because "this.ob" is null
at Page_Test.Login_Page_Test.TC003_Verify_Login_with_short_length_of_mobile_number_credential(Login_Page_Test.java:50)
at java.base/java.util.ArrayList.forEach(ArrayList.java:1511)
... Removed 25 stack frames]]>
    </failure>
  </testcase> <!-- TC003_Verify_Login_with_short_length_of_mobile_number_credential -->
  <testcase classname="Page_Test.Login_Page_Test" name="TC004_max_digit_mobile_number" time="0.0">
    <failure type="java.lang.NullPointerException" message="Cannot invoke &amp;quot;com.page_object.Login_page.mobile_No()&amp;quot; because &amp;quot;this.ob&amp;quot; is null">
      <![CDATA[java.lang.NullPointerException: Cannot invoke "com.page_object.Login_page.mobile_No()" because "this.ob" is null
at Page_Test.Login_Page_Test.TC004_max_digit_mobile_number(Login_Page_Test.java:58)
at java.base/java.util.ArrayList.forEach(ArrayList.java:1511)
... Removed 25 stack frames]]>
    </failure>
  </testcase> <!-- TC004_max_digit_mobile_number -->
  <testcase classname="Page_Test.Login_Page_Test" name="TC005_Terms_of_use_button" time="0.002">
    <failure type="java.lang.NullPointerException" message="Cannot invoke &amp;quot;com.page_object.Login_page.Terms_of_Use()&amp;quot; because &amp;quot;this.ob&amp;quot; is null">
      <![CDATA[java.lang.NullPointerException: Cannot invoke "com.page_object.Login_page.Terms_of_Use()" because "this.ob" is null
at Page_Test.Login_Page_Test.TC005_Terms_of_use_button(Login_Page_Test.java:72)
at java.base/java.util.ArrayList.forEach(ArrayList.java:1511)
... Removed 25 stack frames]]>
    </failure>
  </testcase> <!-- TC005_Terms_of_use_button -->
  <testcase classname="Page_Test.Login_Page_Test" name="TC006_Privacy_policy" time="0.001">
    <failure type="java.lang.NullPointerException" message="Cannot invoke &amp;quot;com.page_object.Login_page.Privacy_Policy()&amp;quot; because &amp;quot;this.ob&amp;quot; is null">
      <![CDATA[java.lang.NullPointerException: Cannot invoke "com.page_object.Login_page.Privacy_Policy()" because "this.ob" is null
at Page_Test.Login_Page_Test.TC006_Privacy_policy(Login_Page_Test.java:81)
at java.base/java.util.ArrayList.forEach(ArrayList.java:1511)
... Removed 25 stack frames]]>
    </failure>
  </testcase> <!-- TC006_Privacy_policy -->
  <testcase classname="Page_Test.Login_Page_Test" name="TC007_contact_Us" time="0.001">
    <failure type="java.lang.NullPointerException" message="Cannot invoke &amp;quot;com.page_object.Login_page.contact_us()&amp;quot; because &amp;quot;this.ob&amp;quot; is null">
      <![CDATA[java.lang.NullPointerException: Cannot invoke "com.page_object.Login_page.contact_us()" because "this.ob" is null
at Page_Test.Login_Page_Test.TC007_contact_Us(Login_Page_Test.java:92)
at java.base/java.util.ArrayList.forEach(ArrayList.java:1511)
... Removed 25 stack frames]]>
    </failure>
  </testcase> <!-- TC007_contact_Us -->
  <testcase classname="Page_Test.Login_Page_Test" name="TC008_Verify_Login_with_valid_credential" time="0.001">
    <failure type="java.lang.NullPointerException" message="Cannot invoke &amp;quot;com.page_object.Login_page.mobile_No()&amp;quot; because &amp;quot;this.ob&amp;quot; is null">
      <![CDATA[java.lang.NullPointerException: Cannot invoke "com.page_object.Login_page.mobile_No()" because "this.ob" is null
at Page_Test.Login_Page_Test.TC008_Verify_Login_with_valid_credential(Login_Page_Test.java:106)
at java.base/java.util.ArrayList.forEach(ArrayList.java:1511)
... Removed 25 stack frames]]>
    </failure>
  </testcase> <!-- TC008_Verify_Login_with_valid_credential -->
  <testcase classname="Page_Test.Login_Page_Test" name="TC009_resend_butn" time="0.001">
    <failure type="java.lang.NullPointerException" message="Cannot invoke &amp;quot;com.page_object.Login_page.resend_button()&amp;quot; because &amp;quot;this.ob&amp;quot; is null">
      <![CDATA[java.lang.NullPointerException: Cannot invoke "com.page_object.Login_page.resend_button()" because "this.ob" is null
at Page_Test.Login_Page_Test.TC009_resend_butn(Login_Page_Test.java:119)
at java.base/java.util.ArrayList.forEach(ArrayList.java:1511)
... Removed 25 stack frames]]>
    </failure>
  </testcase> <!-- TC009_resend_butn -->
  <testcase classname="Page_Test.Login_Page_Test" name="TC010_inavalid_OTP" time="0.011">
    <failure type="java.lang.NullPointerException" message="Cannot invoke &amp;quot;com.page_object.Login_page.enter_inavalid_OTP()&amp;quot; because &amp;quot;this.ob&amp;quot; is null">
      <![CDATA[java.lang.NullPointerException: Cannot invoke "com.page_object.Login_page.enter_inavalid_OTP()" because "this.ob" is null
at Page_Test.Login_Page_Test.TC010_inavalid_OTP(Login_Page_Test.java:126)
at java.base/java.util.ArrayList.forEach(ArrayList.java:1511)
... Removed 25 stack frames]]>
    </failure>
  </testcase> <!-- TC010_inavalid_OTP -->
  <testcase classname="Page_Test.Login_Page_Test" name="TC011_edit_moble" time="0.001">
    <failure type="java.lang.NullPointerException" message="Cannot invoke &amp;quot;com.page_object.Login_page.edit_moble_button()&amp;quot; because &amp;quot;this.ob&amp;quot; is null">
      <![CDATA[java.lang.NullPointerException: Cannot invoke "com.page_object.Login_page.edit_moble_button()" because "this.ob" is null
at Page_Test.Login_Page_Test.TC011_edit_moble(Login_Page_Test.java:133)
at java.base/java.util.ArrayList.forEach(ArrayList.java:1511)
... Removed 25 stack frames]]>
    </failure>
  </testcase> <!-- TC011_edit_moble -->
  <testcase classname="Page_Test.Select_Vehicle_Page_Test" name="TC012_verify_Nick_Name" time="0.005">
    <failure type="java.lang.NullPointerException" message="Cannot invoke &amp;quot;org.apache.logging.log4j.Logger.error(String)&amp;quot; because &amp;quot;com.utility.Base_Utility.log&amp;quot; is null">
      <![CDATA[java.lang.NullPointerException: Cannot invoke "org.apache.logging.log4j.Logger.error(String)" because "com.utility.Base_Utility.log" is null
at com.utility.Base_Utility.msg(Base_Utility.java:403)
at Page_Test.Select_Vehicle_Page_Test.TC012_verify_Nick_Name(Select_Vehicle_Page_Test.java:23)
at java.base/java.util.ArrayList.forEach(ArrayList.java:1511)
... Removed 25 stack frames]]>
    </failure>
  </testcase> <!-- TC012_verify_Nick_Name -->
  <testcase classname="Page_Test.Select_Vehicle_Page_Test" name="TC013_Verify_With_30_letter_nick_name" time="0.0">
    <skipped/>
  </testcase> <!-- TC013_Verify_With_30_letter_nick_name -->
  <testcase classname="Page_Test.Select_Vehicle_Page_Test" name="TC014_Verify_With_31_letter_nick_name" time="0.0">
    <skipped/>
  </testcase> <!-- TC014_Verify_With_31_letter_nick_name -->
  <testcase classname="Page_Test.Select_Vehicle_Page_Test" name="TC015_Verify_With_29_letter_nick_name" time="0.0">
    <skipped/>
  </testcase> <!-- TC015_Verify_With_29_letter_nick_name -->
  <testcase classname="Page_Test.Select_Vehicle_Page_Test" name="TC016_Select_Vehicle" time="0.004">
    <failure type="java.lang.NullPointerException" message="Cannot invoke &amp;quot;org.apache.logging.log4j.Logger.error(String)&amp;quot; because &amp;quot;com.utility.Base_Utility.log&amp;quot; is null">
      <![CDATA[java.lang.NullPointerException: Cannot invoke "org.apache.logging.log4j.Logger.error(String)" because "com.utility.Base_Utility.log" is null
at com.utility.Base_Utility.msg(Base_Utility.java:403)
at Page_Test.Select_Vehicle_Page_Test.TC016_Select_Vehicle(Select_Vehicle_Page_Test.java:108)
at java.base/java.util.ArrayList.forEach(ArrayList.java:1511)
... Removed 25 stack frames]]>
    </failure>
  </testcase> <!-- TC016_Select_Vehicle -->
  <testcase classname="Page_Test.Home_Page_Test" name="TC017_Home_page_verify" time="0.001">
    <failure type="java.lang.NullPointerException" message="Cannot invoke &amp;quot;org.apache.logging.log4j.Logger.error(String)&amp;quot; because &amp;quot;com.utility.Base_Utility.log&amp;quot; is null">
      <![CDATA[java.lang.NullPointerException: Cannot invoke "org.apache.logging.log4j.Logger.error(String)" because "com.utility.Base_Utility.log" is null
at com.utility.Base_Utility.msg(Base_Utility.java:403)
at Page_Test.Home_Page_Test.TC017_Home_page_verify(Home_Page_Test.java:24)
at java.base/java.util.ArrayList.forEach(ArrayList.java:1511)
... Removed 25 stack frames]]>
    </failure>
  </testcase> <!-- TC017_Home_page_verify -->
  <testcase classname="Page_Test.Home_Page_Test" name="TC019_Verify_Documents" time="0.007">
    <failure type="java.lang.NullPointerException" message="Cannot invoke &amp;quot;org.apache.logging.log4j.Logger.error(String)&amp;quot; because &amp;quot;com.utility.Base_Utility.log&amp;quot; is null">
      <![CDATA[java.lang.NullPointerException: Cannot invoke "org.apache.logging.log4j.Logger.error(String)" because "com.utility.Base_Utility.log" is null
at com.utility.Base_Utility.msg(Base_Utility.java:403)
at Page_Test.Home_Page_Test.TC019_Verify_Documents(Home_Page_Test.java:76)
at java.base/java.util.ArrayList.forEach(ArrayList.java:1511)
... Removed 25 stack frames]]>
    </failure>
  </testcase> <!-- TC019_Verify_Documents -->
  <testcase classname="Page_Test.Home_Page_Test" name="TC020_Verify_Relationship_Manager" time="2.005">
    <failure type="java.lang.NullPointerException" message="Cannot invoke &amp;quot;org.apache.logging.log4j.Logger.error(String)&amp;quot; because &amp;quot;com.utility.Base_Utility.log&amp;quot; is null">
      <![CDATA[java.lang.NullPointerException: Cannot invoke "org.apache.logging.log4j.Logger.error(String)" because "com.utility.Base_Utility.log" is null
at com.utility.Base_Utility.msg(Base_Utility.java:403)
at Page_Test.Home_Page_Test.TC020_Verify_Relationship_Manager(Home_Page_Test.java:112)
at java.base/java.util.ArrayList.forEach(ArrayList.java:1511)
... Removed 25 stack frames]]>
    </failure>
  </testcase> <!-- TC020_Verify_Relationship_Manager -->
  <testcase classname="Page_Test.Home_Page_Test" name="TC021_Verify_RSA" time="0.003">
    <failure type="java.lang.NullPointerException" message="Cannot invoke &amp;quot;org.apache.logging.log4j.Logger.error(String)&amp;quot; because &amp;quot;com.utility.Base_Utility.log&amp;quot; is null">
      <![CDATA[java.lang.NullPointerException: Cannot invoke "org.apache.logging.log4j.Logger.error(String)" because "com.utility.Base_Utility.log" is null
at com.utility.Base_Utility.msg(Base_Utility.java:403)
at Page_Test.Home_Page_Test.TC021_Verify_RSA(Home_Page_Test.java:145)
at java.base/java.util.ArrayList.forEach(ArrayList.java:1511)
... Removed 25 stack frames]]>
    </failure>
  </testcase> <!-- TC021_Verify_RSA -->
  <testcase classname="Page_Test.Home_Page_Test" name="TC022_Verify_Technical_Support_Manager" time="0.001">
    <failure type="java.lang.NullPointerException" message="Cannot invoke &amp;quot;org.apache.logging.log4j.Logger.error(String)&amp;quot; because &amp;quot;com.utility.Base_Utility.log&amp;quot; is null">
      <![CDATA[java.lang.NullPointerException: Cannot invoke "org.apache.logging.log4j.Logger.error(String)" because "com.utility.Base_Utility.log" is null
at com.utility.Base_Utility.msg(Base_Utility.java:403)
at Page_Test.Home_Page_Test.TC022_Verify_Technical_Support_Manager(Home_Page_Test.java:167)
at java.base/java.util.ArrayList.forEach(ArrayList.java:1511)
... Removed 25 stack frames]]>
    </failure>
  </testcase> <!-- TC022_Verify_Technical_Support_Manager -->
  <testcase classname="Page_Test.Home_Page_Test" name="TC023_Verify_Dealer_Locator" time="0.001">
    <failure type="java.lang.NullPointerException" message="Cannot invoke &amp;quot;org.apache.logging.log4j.Logger.error(String)&amp;quot; because &amp;quot;com.utility.Base_Utility.log&amp;quot; is null">
      <![CDATA[java.lang.NullPointerException: Cannot invoke "org.apache.logging.log4j.Logger.error(String)" because "com.utility.Base_Utility.log" is null
at com.utility.Base_Utility.msg(Base_Utility.java:403)
at Page_Test.Home_Page_Test.TC023_Verify_Dealer_Locator(Home_Page_Test.java:185)
at java.base/java.util.ArrayList.forEach(ArrayList.java:1511)
... Removed 25 stack frames]]>
    </failure>
  </testcase> <!-- TC023_Verify_Dealer_Locator -->
  <testcase classname="Page_Test.Home_Page_Test" name="TC024_Select_city" time="0.001">
    <failure type="java.lang.NullPointerException" message="Cannot invoke &amp;quot;org.apache.logging.log4j.Logger.error(String)&amp;quot; because &amp;quot;com.utility.Base_Utility.log&amp;quot; is null">
      <![CDATA[java.lang.NullPointerException: Cannot invoke "org.apache.logging.log4j.Logger.error(String)" because "com.utility.Base_Utility.log" is null
at com.utility.Base_Utility.msg(Base_Utility.java:403)
at Page_Test.Home_Page_Test.TC024_Select_city(Home_Page_Test.java:197)
at java.base/java.util.ArrayList.forEach(ArrayList.java:1511)
... Removed 25 stack frames]]>
    </failure>
  </testcase> <!-- TC024_Select_city -->
  <testcase classname="Page_Test.Home_Page_Test" name="TC025_View_dealer_name_and_address" time="0.001">
    <failure type="java.lang.NullPointerException" message="Cannot invoke &amp;quot;org.apache.logging.log4j.Logger.error(String)&amp;quot; because &amp;quot;com.utility.Base_Utility.log&amp;quot; is null">
      <![CDATA[java.lang.NullPointerException: Cannot invoke "org.apache.logging.log4j.Logger.error(String)" because "com.utility.Base_Utility.log" is null
at com.utility.Base_Utility.msg(Base_Utility.java:403)
at Page_Test.Home_Page_Test.TC025_View_dealer_name_and_address(Home_Page_Test.java:210)
at java.base/java.util.ArrayList.forEach(ArrayList.java:1511)
... Removed 25 stack frames]]>
    </failure>
  </testcase> <!-- TC025_View_dealer_name_and_address -->
  <testcase classname="Page_Test.My_Profile_Page_Test" name="TC027_Verify_My_Profile" time="0.001">
    <failure type="java.lang.NullPointerException" message="Cannot invoke &amp;quot;org.apache.logging.log4j.Logger.error(String)&amp;quot; because &amp;quot;com.utility.Base_Utility.log&amp;quot; is null">
      <![CDATA[java.lang.NullPointerException: Cannot invoke "org.apache.logging.log4j.Logger.error(String)" because "com.utility.Base_Utility.log" is null
at com.utility.Base_Utility.msg(Base_Utility.java:403)
at Page_Test.My_Profile_Page_Test.TC027_Verify_My_Profile(My_Profile_Page_Test.java:23)
at java.base/java.util.ArrayList.forEach(ArrayList.java:1511)
... Removed 25 stack frames]]>
    </failure>
  </testcase> <!-- TC027_Verify_My_Profile -->
  <testcase classname="Page_Test.My_Profile_Page_Test" name="TC028_verify_more_detais_button" time="0.002">
    <failure type="java.lang.NullPointerException" message="Cannot invoke &amp;quot;org.apache.logging.log4j.Logger.error(String)&amp;quot; because &amp;quot;com.utility.Base_Utility.log&amp;quot; is null">
      <![CDATA[java.lang.NullPointerException: Cannot invoke "org.apache.logging.log4j.Logger.error(String)" because "com.utility.Base_Utility.log" is null
at com.utility.Base_Utility.msg(Base_Utility.java:403)
at Page_Test.My_Profile_Page_Test.TC028_verify_more_detais_button(My_Profile_Page_Test.java:49)
at java.base/java.util.ArrayList.forEach(ArrayList.java:1511)
... Removed 25 stack frames]]>
    </failure>
  </testcase> <!-- TC028_verify_more_detais_button -->
  <testcase classname="Page_Test.My_Profile_Page_Test" name="TC029_edit_profile_button" time="0.0">
    <failure type="java.lang.NullPointerException" message="Cannot invoke &amp;quot;org.apache.logging.log4j.Logger.error(String)&amp;quot; because &amp;quot;com.utility.Base_Utility.log&amp;quot; is null">
      <![CDATA[java.lang.NullPointerException: Cannot invoke "org.apache.logging.log4j.Logger.error(String)" because "com.utility.Base_Utility.log" is null
at com.utility.Base_Utility.msg(Base_Utility.java:403)
at Page_Test.My_Profile_Page_Test.TC029_edit_profile_button(My_Profile_Page_Test.java:82)
at java.base/java.util.ArrayList.forEach(ArrayList.java:1511)
... Removed 25 stack frames]]>
    </failure>
  </testcase> <!-- TC029_edit_profile_button -->
  <testcase classname="Page_Test.My_Profile_Page_Test" name="TC030_edit_Personal_Details" time="0.001">
    <failure type="java.lang.NullPointerException" message="Cannot invoke &amp;quot;org.apache.logging.log4j.Logger.error(String)&amp;quot; because &amp;quot;com.utility.Base_Utility.log&amp;quot; is null">
      <![CDATA[java.lang.NullPointerException: Cannot invoke "org.apache.logging.log4j.Logger.error(String)" because "com.utility.Base_Utility.log" is null
at com.utility.Base_Utility.msg(Base_Utility.java:403)
at Page_Test.My_Profile_Page_Test.TC030_edit_Personal_Details(My_Profile_Page_Test.java:143)
at java.base/java.util.ArrayList.forEach(ArrayList.java:1511)
... Removed 25 stack frames]]>
    </failure>
  </testcase> <!-- TC030_edit_Personal_Details -->
  <testcase classname="Page_Test.My_Profile_Page_Test" name="TC031_change_original_Personal_Details" time="0.0">
    <skipped/>
  </testcase> <!-- TC031_change_original_Personal_Details -->
  <testcase classname="Page_Test.My_Profile_Page_Test" name="TC032_Manage_License" time="0.001">
    <failure type="java.lang.NullPointerException" message="Cannot invoke &amp;quot;org.apache.logging.log4j.Logger.error(String)&amp;quot; because &amp;quot;com.utility.Base_Utility.log&amp;quot; is null">
      <![CDATA[java.lang.NullPointerException: Cannot invoke "org.apache.logging.log4j.Logger.error(String)" because "com.utility.Base_Utility.log" is null
at com.utility.Base_Utility.msg(Base_Utility.java:403)
at Page_Test.My_Profile_Page_Test.TC032_Manage_License(My_Profile_Page_Test.java:189)
at java.base/java.util.ArrayList.forEach(ArrayList.java:1511)
... Removed 25 stack frames]]>
    </failure>
  </testcase> <!-- TC032_Manage_License -->
  <testcase classname="Page_Test.My_Profile_Page_Test" name="TC033_Verify_emergency_contacts" time="0.001">
    <failure type="java.lang.NullPointerException" message="Cannot invoke &amp;quot;org.apache.logging.log4j.Logger.error(String)&amp;quot; because &amp;quot;com.utility.Base_Utility.log&amp;quot; is null">
      <![CDATA[java.lang.NullPointerException: Cannot invoke "org.apache.logging.log4j.Logger.error(String)" because "com.utility.Base_Utility.log" is null
at com.utility.Base_Utility.msg(Base_Utility.java:403)
at Page_Test.My_Profile_Page_Test.TC033_Verify_emergency_contacts(My_Profile_Page_Test.java:217)
at java.base/java.util.ArrayList.forEach(ArrayList.java:1511)
... Removed 25 stack frames]]>
    </failure>
  </testcase> <!-- TC033_Verify_emergency_contacts -->
  <testcase classname="Page_Test.Services_Page_Test" name="TC034_Vehicle_details_on_service_page" time="0.001">
    <failure type="java.lang.NullPointerException" message="Cannot invoke &amp;quot;org.apache.logging.log4j.Logger.error(String)&amp;quot; because &amp;quot;com.utility.Base_Utility.log&amp;quot; is null">
      <![CDATA[java.lang.NullPointerException: Cannot invoke "org.apache.logging.log4j.Logger.error(String)" because "com.utility.Base_Utility.log" is null
at com.utility.Base_Utility.msg(Base_Utility.java:403)
at Page_Test.Services_Page_Test.TC034_Vehicle_details_on_service_page(Services_Page_Test.java:16)
at java.base/java.util.ArrayList.forEach(ArrayList.java:1511)
... Removed 25 stack frames]]>
    </failure>
  </testcase> <!-- TC034_Vehicle_details_on_service_page -->
  <testcase classname="Page_Test.Services_Page_Test" name="TC035_verify_service_type" time="0.003">
    <failure type="java.lang.NullPointerException" message="Cannot invoke &amp;quot;org.apache.logging.log4j.Logger.error(String)&amp;quot; because &amp;quot;com.utility.Base_Utility.log&amp;quot; is null">
      <![CDATA[java.lang.NullPointerException: Cannot invoke "org.apache.logging.log4j.Logger.error(String)" because "com.utility.Base_Utility.log" is null
at com.utility.Base_Utility.msg(Base_Utility.java:403)
at Page_Test.Services_Page_Test.TC035_verify_service_type(Services_Page_Test.java:53)
at java.base/java.util.ArrayList.forEach(ArrayList.java:1511)
... Removed 25 stack frames]]>
    </failure>
  </testcase> <!-- TC035_verify_service_type -->
  <testcase classname="Page_Test.Services_Page_Test" name="TC036_verify_Dealer_information" time="0.001">
    <failure type="java.lang.NullPointerException" message="Cannot invoke &amp;quot;com.page_object.Services_Page.dealer_info()&amp;quot; because &amp;quot;this.ob&amp;quot; is null">
      <![CDATA[java.lang.NullPointerException: Cannot invoke "com.page_object.Services_Page.dealer_info()" because "this.ob" is null
at Page_Test.Services_Page_Test.TC036_verify_Dealer_information(Services_Page_Test.java:61)
at java.base/java.util.ArrayList.forEach(ArrayList.java:1511)
... Removed 25 stack frames]]>
    </failure>
  </testcase> <!-- TC036_verify_Dealer_information -->
  <testcase classname="Page_Test.Services_Page_Test" name="TC037_Verify_dealer_manager_info" time="0.001">
    <failure type="java.lang.NullPointerException" message="Cannot invoke &amp;quot;com.page_object.Services_Page.manager_type()&amp;quot; because &amp;quot;this.ob&amp;quot; is null">
      <![CDATA[java.lang.NullPointerException: Cannot invoke "com.page_object.Services_Page.manager_type()" because "this.ob" is null
at Page_Test.Services_Page_Test.TC037_Verify_dealer_manager_info(Services_Page_Test.java:66)
at java.base/java.util.ArrayList.forEach(ArrayList.java:1511)
... Removed 25 stack frames]]>
    </failure>
  </testcase> <!-- TC037_Verify_dealer_manager_info -->
  <testcase classname="Page_Test.Services_Page_Test" name="TC038_Verify_Last_Serviced" time="0.001">
    <failure type="java.lang.NullPointerException" message="Cannot invoke &amp;quot;com.page_object.Services_Page.Last_serviced_history()&amp;quot; because &amp;quot;this.ob&amp;quot; is null">
      <![CDATA[java.lang.NullPointerException: Cannot invoke "com.page_object.Services_Page.Last_serviced_history()" because "this.ob" is null
at Page_Test.Services_Page_Test.TC038_Verify_Last_Serviced(Services_Page_Test.java:87)
at java.base/java.util.ArrayList.forEach(ArrayList.java:1511)
... Removed 25 stack frames]]>
    </failure>
  </testcase> <!-- TC038_Verify_Last_Serviced -->
  <testcase classname="Page_Test.Services_Page_Test" name="TC039_Verify_all_tips_list" time="0.029">
    <failure type="java.lang.NullPointerException" message="Cannot invoke &amp;quot;com.page_object.Services_Page.Tips_and_DIY()&amp;quot; because &amp;quot;this.ob&amp;quot; is null">
      <![CDATA[java.lang.NullPointerException: Cannot invoke "com.page_object.Services_Page.Tips_and_DIY()" because "this.ob" is null
at Page_Test.Services_Page_Test.TC039_Verify_all_tips_list(Services_Page_Test.java:95)
at java.base/java.util.ArrayList.forEach(ArrayList.java:1511)
... Removed 25 stack frames]]>
    </failure>
  </testcase> <!-- TC039_Verify_all_tips_list -->
  <testcase classname="Page_Test.Services_Page_Test" name="TC040_Verify_all_DIY_Videos_list" time="0.002">
    <failure type="java.lang.NullPointerException" message="Cannot invoke &amp;quot;com.page_object.Services_Page.DIY_Videos_button()&amp;quot; because &amp;quot;this.ob&amp;quot; is null">
      <![CDATA[java.lang.NullPointerException: Cannot invoke "com.page_object.Services_Page.DIY_Videos_button()" because "this.ob" is null
at Page_Test.Services_Page_Test.TC040_Verify_all_DIY_Videos_list(Services_Page_Test.java:101)
at java.base/java.util.ArrayList.forEach(ArrayList.java:1511)
... Removed 25 stack frames]]>
    </failure>
  </testcase> <!-- TC040_Verify_all_DIY_Videos_list -->
  <testcase classname="com.utility.Base_Utility" name="@BeforeTest OPEN_AND_INSTALL_APP" time="0.0">
    <ignored/>
  </testcase> <!-- @BeforeTest OPEN_AND_INSTALL_APP -->
  <testcase classname="com.utility.Base_Utility" name="@BeforeTest OPEN_AND_INSTALL_APP" time="0.0">
    <ignored/>
  </testcase> <!-- @BeforeTest OPEN_AND_INSTALL_APP -->
  <testcase classname="com.utility.Base_Utility" name="@BeforeTest OPEN_AND_INSTALL_APP" time="0.0">
    <ignored/>
  </testcase> <!-- @BeforeTest OPEN_AND_INSTALL_APP -->
  <testcase classname="com.utility.Base_Utility" name="@BeforeTest OPEN_AND_INSTALL_APP" time="0.0">
    <ignored/>
  </testcase> <!-- @BeforeTest OPEN_AND_INSTALL_APP -->
</testsuite> <!-- All test class -->
