<?xml version="1.0" encoding="UTF-8"?>
<!-- Generated by org.testng.reporters.JUnitXMLReporter -->
<testsuite ignored="0" hostname="DESKTOP-DC5U0BQ" failures="0" tests="3" name="Book_Service_test" time="225.588" errors="0" timestamp="2023-10-03T12:16:01 IST">
  <testcase classname="Page_Test.Book_Service_test" name="TC109_previous_service_info" time="146.094"/>
  <testcase classname="Page_Test.Book_Service_test" name="TC110_Book_service" time="57.067"/>
  <testcase classname="Page_Test.Book_Service_test" name="TC111_Review_Service_Details" time="4.999"/>
</testsuite> <!-- Book_Service_test -->
