<?xml version="1.0" encoding="UTF-8"?>
<!-- Generated by org.testng.reporters.JUnitXMLReporter -->
<testsuite ignored="0" hostname="DESKTOP-DC5U0BQ" failures="1" tests="2" name="E_Shop_test" time="193.858" errors="0" timestamp="2023-10-03T20:14:15 IST">
  <testcase classname="Page_Test.E_Shop_test" name="TC107_registered_customers" time="111.559"/>
  <testcase classname="Page_Test.E_Shop_test" name="TC108_new_customers" time="20.478">
    <failure type="java.lang.NullPointerException" message="Cannot invoke &amp;quot;com.utility.listner.getcapcture(String)&amp;quot; because &amp;quot;com.utility.Base_Utility.lis&amp;quot; is null">
      <![CDATA[java.lang.NullPointerException: Cannot invoke "com.utility.listner.getcapcture(String)" because "com.utility.Base_Utility.lis" is null
at com.utility.Base_Utility.Custom_click(Base_Utility.java:288)
at Page_Test.E_Shop_test.TC108_new_customers(E_Shop_test.java:48)
at java.base/java.util.ArrayList.forEach(ArrayList.java:1511)
... Removed 25 stack frames]]>
    </failure>
  </testcase> <!-- TC108_new_customers -->
</testsuite> <!-- E_Shop_test -->
