<?xml version="1.0" encoding="UTF-8"?>
<!-- Generated by org.testng.reporters.JUnitXMLReporter -->
<testsuite ignored="0" hostname="DESKTOP-DC5U0BQ" failures="0" tests="3" name="E_Shop_test" time="314.84" errors="0" timestamp="2023-08-10T17:40:22 IST">
  <testcase classname="Page_Test.E_Shop_test" name="registered_customers" time="110.434"/>
  <testcase classname="Page_Test.E_Shop_test" name="new_customers" time="41.912"/>
  <testcase classname="Page_Test.E_Shop_test" name="verify_Side_menu" time="143.234"/>
</testsuite> <!-- E_Shop_test -->
