<?xml version="1.0" encoding="UTF-8"?>
<!-- Generated by org.testng.reporters.JUnitXMLReporter -->
<testsuite ignored="0" hostname="DESKTOP-DC5U0BQ" failures="0" tests="11" name="Feedback_and_About_Hero_test" time="996.853" errors="0" timestamp="2023-11-01T11:29:26 IST">
  <testcase classname="Page_Test.Feedback_and_About_Hero_test" name="TC057_verify_Feedback" time="224.14"/>
  <testcase classname="Page_Test.Feedback_and_About_Hero_test" name="TC058_verify_About_Hero" time="53.105"/>
  <testcase classname="Page_Test.Feedback_and_About_Hero_test" name="TC059_verify_Side_menu_page_function" time="33.246"/>
  <testcase classname="Page_Test.Feedback_and_About_Hero_test" name="TC060_Vehicle_Details_in_Wheels_of_trust" time="87.307"/>
  <testcase classname="Page_Test.Feedback_and_About_Hero_test" name="TC061_Chose_city_in_Vehicle_Details_in_Wheels_of_trust" time="39.183"/>
  <testcase classname="Page_Test.Feedback_and_About_Hero_test" name="TC062_Select_company_in_Vehicle_Details_in_Wheels_of_trust" time="17.104"/>
  <testcase classname="Page_Test.Feedback_and_About_Hero_test" name="TC063_Select_Model_in_Vehicle_Details_in_Wheels_of_trust" time="50.176"/>
  <testcase classname="Page_Test.Feedback_and_About_Hero_test" name="TC064_Verify_Vehicle_Condition_in_Wheels_of_trust" time="164.71"/>
  <testcase classname="Page_Test.Feedback_and_About_Hero_test" name="TC065_Verify_Your_Details_Through_WhatsApp_in_Wheels_of_trust" time="34.279"/>
  <testcase classname="Page_Test.Feedback_and_About_Hero_test" name="TC066_Verify_Your_Details_Through_OTP_in_Wheels_of_trust" time="74.965"/>
  <testcase classname="Page_Test.Feedback_and_About_Hero_test" name="TC067_Verify_joyride" time="93.765"/>
</testsuite> <!-- Feedback_and_About_Hero_test -->
