<?xml version="1.0" encoding="UTF-8"?>
<!-- Generated by org.testng.reporters.JUnitXMLReporter -->
<testsuite ignored="0" hostname="DESKTOP-DC5U0BQ" failures="0" tests="11" name="GoodLife_test" time="415.155" errors="0" timestamp="2023-11-27T17:09:42 IST">
  <testcase classname="Page_Test.GoodLife_test" name="TC093_verify_image_in_goodlife_page" time="129.331"/>
  <testcase classname="Page_Test.GoodLife_test" name="TC094_Verify_Pro_Membership" time="13.879"/>
  <testcase classname="Page_Test.GoodLife_test" name="TC095_Verify_Earning_History_in_Pro_Membership" time="55.777"/>
  <testcase classname="Page_Test.GoodLife_test" name="TC096_Verify_Redemption_History_in_Pro_Membership" time="7.179"/>
  <testcase classname="Page_Test.GoodLife_test" name="TC097_Verify_Complete_profile" time="9.227"/>
  <testcase classname="Page_Test.GoodLife_test" name="TC098_Verify_Welcome_Rewards" time="6.576"/>
  <testcase classname="Page_Test.GoodLife_test" name="TC099_Verify_refer_friend_in_Goodlife" time="21.957"/>
  <testcase classname="Page_Test.GoodLife_test" name="TC100_verify_Winner_informaton" time="21.802"/>
  <testcase classname="Page_Test.GoodLife_test" name="TC101_verify_Points_Earning_and_Redemption" time="84.902"/>
  <testcase classname="Page_Test.GoodLife_test" name="TC102_verify_Service_Privilegers" time="19.124"/>
  <testcase classname="Page_Test.GoodLife_test" name="TC103_verify_Benefits_and_Experiences" time="27.391"/>
</testsuite> <!-- GoodLife_test -->
