<?xml version="1.0" encoding="UTF-8"?>
<!-- Generated by org.testng.reporters.JUnitXMLReporter -->
<testsuite ignored="0" hostname="DESKTOP-DC5U0BQ" failures="1" tests="6" name="Home_Page_Test" time="228.19" errors="0" timestamp="2023-05-30T09:33:30 IST">
  <testcase classname="Page_Test.Home_Page_Test" name="TC006_Home_page_verify" time="100.639"/>
  <testcase classname="Page_Test.Home_Page_Test" name="TC008_Verify_Documents" time="72.659"/>
  <testcase classname="Page_Test.Home_Page_Test" name="TC009_Verify_Relationship_Manager" time="9.273"/>
  <testcase classname="Page_Test.Home_Page_Test" name="TC010_Verify_RSA" time="4.829"/>
  <testcase classname="Page_Test.Home_Page_Test" name="TC011_Verify_Technical_Support_Manager" time="6.281"/>
  <testcase classname="Page_Test.Home_Page_Test" name="TC012_Verify_Dealer_Locator" time="6.615">
    <failure type="java.lang.NullPointerException" message="Cannot invoke &amp;quot;org.testng.ITestResult.getStatus()&amp;quot; because &amp;quot;result&amp;quot; is null">
      <![CDATA[java.lang.NullPointerException: Cannot invoke "org.testng.ITestResult.getStatus()" because "result" is null
at com.utility.listner.onTestFailure(listner.java:38)
at com.utility.Base_Utility.custom_sendkeys(Base_Utility.java:189)
at Page_Test.Home_Page_Test.TC012_Verify_Dealer_Locator(Home_Page_Test.java:98)
at java.base/java.util.ArrayList.forEach(ArrayList.java:1511)
... Removed 25 stack frames]]>
    </failure>
  </testcase> <!-- TC012_Verify_Dealer_Locator -->
</testsuite> <!-- Home_Page_Test -->
