<?xml version="1.0" encoding="UTF-8"?>
<!-- Generated by org.testng.reporters.JUnitXMLReporter -->
<testsuite ignored="0" hostname="DESKTOP-DC5U0BQ" failures="0" tests="9" name="Home_Page_Test" time="331.467" errors="0" timestamp="2023-07-21T16:08:03 IST">
  <testcase classname="Page_Test.Home_Page_Test" name="TC017_Home_page_verify" time="110.137"/>
  <testcase classname="Page_Test.Home_Page_Test" name="TC018__verify_Navigate" time="16.606"/>
  <testcase classname="Page_Test.Home_Page_Test" name="TC019_Verify_Documents" time="89.995"/>
  <testcase classname="Page_Test.Home_Page_Test" name="TC020_Verify_Relationship_Manager" time="12.253"/>
  <testcase classname="Page_Test.Home_Page_Test" name="TC021_Verify_RSA" time="16.333"/>
  <testcase classname="Page_Test.Home_Page_Test" name="TC022_Verify_Technical_Support_Manager" time="3.878"/>
  <testcase classname="Page_Test.Home_Page_Test" name="TC023_Verify_Dealer_Locator" time="17.979"/>
  <testcase classname="Page_Test.Home_Page_Test" name="TC024_Select_city" time="23.911"/>
  <testcase classname="Page_Test.Home_Page_Test" name="TC025_View_dealer_name_and_address" time="10.615"/>
</testsuite> <!-- Home_Page_Test -->
