<?xml version="1.0" encoding="UTF-8"?>
<!-- Generated by org.testng.reporters.JUnitXMLReporter -->
<testsuite ignored="0" hostname="DESKTOP-DC5U0BQ" failures="0" tests="11" name="Login_page" time="241.208" errors="0" timestamp="2023-09-15T13:40:08 IST">
  <testcase classname="Page_Test.Login_Page_Test" name="TC001_Verify_Login_with_Invalid_credential" time="11.64"/>
  <testcase classname="Page_Test.Login_Page_Test" name="TC002_invalidmobileno" time="9.336"/>
  <testcase classname="Page_Test.Login_Page_Test" name="TC003_Verify_Login_with_short_length_of_mobile_number_credential" time="4.896"/>
  <testcase classname="Page_Test.Login_Page_Test" name="TC004_max_digit_mobile_number" time="6.546"/>
  <testcase classname="Page_Test.Login_Page_Test" name="TC005_Terms_of_use_button" time="17.893"/>
  <testcase classname="Page_Test.Login_Page_Test" name="TC006_Privacy_policy" time="13.753"/>
  <testcase classname="Page_Test.Login_Page_Test" name="TC007_contact_Us" time="6.775"/>
  <testcase classname="Page_Test.Login_Page_Test" name="TC008_Verify_Login_with_valid_credential" time="25.475"/>
  <testcase classname="Page_Test.Login_Page_Test" name="TC009_resend_butn" time="20.164"/>
  <testcase classname="Page_Test.Login_Page_Test" name="TC010_inavalid_OTP" time="20.873"/>
  <testcase classname="Page_Test.Login_Page_Test" name="TC011_edit_moble" time="47.086"/>
</testsuite> <!-- Login_page -->
