<?xml version="1.0" encoding="UTF-8"?>
<!-- Generated by org.testng.reporters.JUnitXMLReporter -->
<testsuite ignored="0" hostname="DESKTOP-DC5U0BQ" failures="0" tests="11" name="Login_page" time="296.323" errors="0" timestamp="2023-11-22T21:36:34 IST">
  <testcase classname="Page_Test.Login_Page_Test" name="TC001_Verify_Login_with_Invalid_credential" time="16.675"/>
  <testcase classname="Page_Test.Login_Page_Test" name="TC002_invalidmobileno" time="8.548"/>
  <testcase classname="Page_Test.Login_Page_Test" name="TC003_Verify_Login_with_short_length_of_mobile_number_credential" time="4.733"/>
  <testcase classname="Page_Test.Login_Page_Test" name="TC004_max_digit_mobile_number" time="5.855"/>
  <testcase classname="Page_Test.Login_Page_Test" name="TC005_Terms_of_use_button" time="16.788"/>
  <testcase classname="Page_Test.Login_Page_Test" name="TC006_Privacy_policy" time="14.538"/>
  <testcase classname="Page_Test.Login_Page_Test" name="TC007_contact_Us" time="6.493"/>
  <testcase classname="Page_Test.Login_Page_Test" name="TC008_Verify_Login_with_valid_credential" time="37.029"/>
  <testcase classname="Page_Test.Login_Page_Test" name="TC009_resend_butn" time="20.797"/>
  <testcase classname="Page_Test.Login_Page_Test" name="TC010_inavalid_OTP" time="19.476"/>
  <testcase classname="Page_Test.Login_Page_Test" name="TC011_edit_moble" time="39.063"/>
</testsuite> <!-- Login_page -->
