<?xml version="1.0" encoding="UTF-8"?>
<!-- Generated by org.testng.reporters.JUnitXMLReporter -->
<testsuite ignored="0" hostname="DESKTOP-DC5U0BQ" failures="0" tests="7" name="My_Profile_Page_Test" time="405.787" errors="0" timestamp="2023-09-13T16:39:12 IST">
  <testcase classname="Page_Test.My_Profile_Page_Test" name="TC030_Verify_My_Profile" time="84.428"/>
  <testcase classname="Page_Test.My_Profile_Page_Test" name="TC031_verify_more_detais_button" time="4.934"/>
  <testcase classname="Page_Test.My_Profile_Page_Test" name="TC032_edit_profile_button" time="54.066"/>
  <testcase classname="Page_Test.My_Profile_Page_Test" name="TC033_edit_Personal_Details" time="71.567"/>
  <testcase classname="Page_Test.My_Profile_Page_Test" name="TC034_change_original_Personal_Details" time="18.62"/>
  <testcase classname="Page_Test.My_Profile_Page_Test" name="TC035_Manage_License" time="23.736"/>
  <testcase classname="Page_Test.My_Profile_Page_Test" name="TC036_Verify_emergency_contacts" time="29.874"/>
</testsuite> <!-- My_Profile_Page_Test -->
