<?xml version="1.0" encoding="UTF-8"?>
<!-- Generated by org.testng.reporters.JUnitXMLReporter -->
<testsuite ignored="0" hostname="DESKTOP-DC5U0BQ" failures="1" tests="1" name="My_Profile_Page_Test" time="130.086" errors="0" timestamp="2023-05-31T22:14:32 IST">
  <testcase classname="Page_Test.My_Profile_Page_Test" name="TC013_Verify_My_Profile" time="110.712">
    <failure type="java.lang.NullPointerException" message="Cannot invoke &amp;quot;org.testng.ITestResult.getStatus()&amp;quot; because &amp;quot;result&amp;quot; is null">
      <![CDATA[java.lang.NullPointerException: Cannot invoke "org.testng.ITestResult.getStatus()" because "result" is null
at com.utility.listner.onTestFailure(listner.java:38)
at com.utility.Base_Utility.Custom_click(Base_Utility.java:247)
at Page_Test.My_Profile_Page_Test.TC013_Verify_My_Profile(My_Profile_Page_Test.java:21)
at java.base/java.util.ArrayList.forEach(ArrayList.java:1511)
... Removed 25 stack frames]]>
    </failure>
  </testcase> <!-- TC013_Verify_My_Profile -->
</testsuite> <!-- My_Profile_Page_Test -->
