<?xml version="1.0" encoding="UTF-8"?>
<!-- Generated by org.testng.reporters.JUnitXMLReporter -->
<testsuite ignored="0" hostname="DESKTOP-DC5U0BQ" failures="0" tests="12" name="Refer_a_friend_and_Contact_us_test" time="296.698" errors="0" timestamp="2023-07-25T09:19:20 IST">
  <testcase classname="Page_Test.Refer_a_friend_and_Contact_us_test" name="TC039_Refer_a_friend" time="79.985"/>
  <testcase classname="Page_Test.Refer_a_friend_and_Contact_us_test" name="TC040_Verify_Select_State" time="16.502"/>
  <testcase classname="Page_Test.Refer_a_friend_and_Contact_us_test" name="TC041_Verify_Select_City" time="4.714"/>
  <testcase classname="Page_Test.Refer_a_friend_and_Contact_us_test" name="TC042_Verify_Select_Model" time="22.313"/>
  <testcase classname="Page_Test.Refer_a_friend_and_Contact_us_test" name="TC043_Verify_Refer_yourself" time="42.258"/>
  <testcase classname="Page_Test.Refer_a_friend_and_Contact_us_test" name="TC044_Verify_Facebook_in_Contact_us_page" time="18.675"/>
  <testcase classname="Page_Test.Refer_a_friend_and_Contact_us_test" name="TC045_Verify_instagram_in_Contact_us_page" time="13.983"/>
  <testcase classname="Page_Test.Refer_a_friend_and_Contact_us_test" name="TC046_Verify_Whatsapp_in_Contact_us_page" time="3.005"/>
  <testcase classname="Page_Test.Refer_a_friend_and_Contact_us_test" name="TC047_Verify_youTube_in_Contact_us_page" time="6.023"/>
  <testcase classname="Page_Test.Refer_a_friend_and_Contact_us_test" name="TC048_Verify_Linkedin_in_Contact_us_page" time="12.981"/>
  <testcase classname="Page_Test.Refer_a_friend_and_Contact_us_test" name="TC049_Verify_twitter_in_Contact_us_page" time="33.289"/>
  <testcase classname="Page_Test.Refer_a_friend_and_Contact_us_test" name="TC050_Verify_Contact_via_Email" time="24.578"/>
</testsuite> <!-- Refer_a_friend_and_Contact_us_test -->
