<?xml version="1.0" encoding="UTF-8"?>
<!-- Generated by org.testng.reporters.JUnitXMLReporter -->
<testsuite ignored="0" hostname="DESKTOP-DC5U0BQ" failures="0" tests="12" name="Refer_a_friend_and_Contact_us_test" time="262.943" errors="0" timestamp="2023-07-10T15:07:49 IST">
  <testcase classname="Page_Test.Refer_a_friend_and_Contact_us_test" name="TC040_Refer_a_friend" time="76.416"/>
  <testcase classname="Page_Test.Refer_a_friend_and_Contact_us_test" name="TC041_Verify_Select_State" time="13.169"/>
  <testcase classname="Page_Test.Refer_a_friend_and_Contact_us_test" name="TC042_Verify_Select_City" time="3.829"/>
  <testcase classname="Page_Test.Refer_a_friend_and_Contact_us_test" name="TC043_Verify_Select_Model" time="17.687"/>
  <testcase classname="Page_Test.Refer_a_friend_and_Contact_us_test" name="TC044_Verify_Refer_yourself" time="25.161"/>
  <testcase classname="Page_Test.Refer_a_friend_and_Contact_us_test" name="TC045_Verify_Facebook_in_Contact_us_page" time="16.734"/>
  <testcase classname="Page_Test.Refer_a_friend_and_Contact_us_test" name="TC046_Verify_instagram_in_Contact_us_page" time="12.519"/>
  <testcase classname="Page_Test.Refer_a_friend_and_Contact_us_test" name="TC047_Verify_Whatsapp_in_Contact_us_page" time="2.061"/>
  <testcase classname="Page_Test.Refer_a_friend_and_Contact_us_test" name="TC048_Verify_youTube_in_Contact_us_page" time="7.344"/>
  <testcase classname="Page_Test.Refer_a_friend_and_Contact_us_test" name="TC049_Verify_Linkedin_in_Contact_us_page" time="13.135"/>
  <testcase classname="Page_Test.Refer_a_friend_and_Contact_us_test" name="TC050_Verify_twitter_in_Contact_us_page" time="31.983"/>
  <testcase classname="Page_Test.Refer_a_friend_and_Contact_us_test" name="TC051_Verify_Contact_via_Email" time="25.191"/>
</testsuite> <!-- Refer_a_friend_and_Contact_us_test -->
