<?xml version="1.0" encoding="UTF-8"?>
<!-- Generated by org.testng.reporters.JUnitXMLReporter -->
<testsuite ignored="0" hostname="DESKTOP-DC5U0BQ" failures="0" tests="2" name="Safety_Measures_and_Symbols_Glossary_Test" time="486.105" errors="0" timestamp="2023-10-31T19:52:10 IST">
  <testcase classname="Page_Test.Safety_Measures_and_Symbols_Glossary_Test" name="TC055_Verify_Safety_Measures" time="148.977"/>
  <testcase classname="Page_Test.Safety_Measures_and_Symbols_Glossary_Test" name="TC056_Verify_Symbols_Glossary" time="212.142"/>
</testsuite> <!-- Safety_Measures_and_Symbols_Glossary_Test -->
