<?xml version="1.0" encoding="UTF-8"?>
<!-- Generated by org.testng.reporters.JUnitXMLReporter -->
<testsuite ignored="0" hostname="DESKTOP-DC5U0BQ" failures="0" tests="2" name="Safety_Measures_and_Symbols_Glossary_Test" time="142.378" errors="0" timestamp="2023-08-30T13:58:45 IST">
  <testcase classname="Page_Test.Safety_Measures_and_Symbols_Glossary_Test" name="Verify_Safety_Measures" time="74.101"/>
  <testcase classname="Page_Test.Safety_Measures_and_Symbols_Glossary_Test" name="Verify_Symbols_Glossary" time="52.39"/>
</testsuite> <!-- Safety_Measures_and_Symbols_Glossary_Test -->
