<?xml version="1.0" encoding="UTF-8"?>
<!-- Generated by org.testng.reporters.JUnitXMLReporter -->
<testsuite ignored="0" hostname="DESKTOP-DC5U0BQ" failures="5" tests="5" name="Select_Vehicle_Page" time="340.728" errors="0" timestamp="2023-06-05T17:04:29 IST">
  <testcase classname="Page_Test.Select_Vehicle_Page_Test" name="TC012_verify_Nick_Name" time="95.814">
    <failure type="java.lang.NullPointerException" message="Cannot invoke &amp;quot;org.testng.ITestResult.getStatus()&amp;quot; because &amp;quot;result&amp;quot; is null">
      <![CDATA[java.lang.NullPointerException: Cannot invoke "org.testng.ITestResult.getStatus()" because "result" is null
at com.utility.listner.onTestFailure(listner.java:41)
at com.utility.Base_Utility.Custom_click(Base_Utility.java:243)
at Page_Test.Select_Vehicle_Page_Test.TC012_verify_Nick_Name(Select_Vehicle_Page_Test.java:29)
at java.base/java.util.ArrayList.forEach(ArrayList.java:1511)
... Removed 25 stack frames]]>
    </failure>
  </testcase> <!-- TC012_verify_Nick_Name -->
  <testcase classname="Page_Test.Select_Vehicle_Page_Test" name="TC013_Verify_With_30_letter_nick_name" time="40.26">
    <failure type="java.lang.NullPointerException" message="Cannot invoke &amp;quot;org.testng.ITestResult.getStatus()&amp;quot; because &amp;quot;result&amp;quot; is null">
      <![CDATA[java.lang.NullPointerException: Cannot invoke "org.testng.ITestResult.getStatus()" because "result" is null
at com.utility.listner.onTestFailure(listner.java:41)
at com.utility.Base_Utility.custom_sendkeys(Base_Utility.java:225)
at Page_Test.Select_Vehicle_Page_Test.TC013_Verify_With_30_letter_nick_name(Select_Vehicle_Page_Test.java:46)
at java.base/java.util.ArrayList.forEach(ArrayList.java:1511)
... Removed 25 stack frames]]>
    </failure>
  </testcase> <!-- TC013_Verify_With_30_letter_nick_name -->
  <testcase classname="Page_Test.Select_Vehicle_Page_Test" name="TC014_Verify_With_31_letter_nick_name" time="40.329">
    <failure type="java.lang.NullPointerException" message="Cannot invoke &amp;quot;org.testng.ITestResult.getStatus()&amp;quot; because &amp;quot;result&amp;quot; is null">
      <![CDATA[java.lang.NullPointerException: Cannot invoke "org.testng.ITestResult.getStatus()" because "result" is null
at com.utility.listner.onTestFailure(listner.java:41)
at com.utility.Base_Utility.Custom_click(Base_Utility.java:243)
at Page_Test.Select_Vehicle_Page_Test.TC014_Verify_With_31_letter_nick_name(Select_Vehicle_Page_Test.java:59)
at java.base/java.util.ArrayList.forEach(ArrayList.java:1511)
... Removed 25 stack frames]]>
    </failure>
  </testcase> <!-- TC014_Verify_With_31_letter_nick_name -->
  <testcase classname="Page_Test.Select_Vehicle_Page_Test" name="TC015_Verify_With_29_letter_nick_name" time="40.224">
    <failure type="java.lang.NullPointerException" message="Cannot invoke &amp;quot;org.testng.ITestResult.getStatus()&amp;quot; because &amp;quot;result&amp;quot; is null">
      <![CDATA[java.lang.NullPointerException: Cannot invoke "org.testng.ITestResult.getStatus()" because "result" is null
at com.utility.listner.onTestFailure(listner.java:41)
at com.utility.Base_Utility.Custom_click(Base_Utility.java:243)
at Page_Test.Select_Vehicle_Page_Test.TC015_Verify_With_29_letter_nick_name(Select_Vehicle_Page_Test.java:74)
at java.base/java.util.ArrayList.forEach(ArrayList.java:1511)
... Removed 25 stack frames]]>
    </failure>
  </testcase> <!-- TC015_Verify_With_29_letter_nick_name -->
  <testcase classname="Page_Test.Select_Vehicle_Page_Test" name="TC016_Select_Vehicle" time="121.091">
    <failure type="java.lang.NullPointerException" message="Cannot invoke &amp;quot;org.testng.ITestResult.getStatus()&amp;quot; because &amp;quot;result&amp;quot; is null">
      <![CDATA[java.lang.NullPointerException: Cannot invoke "org.testng.ITestResult.getStatus()" because "result" is null
at com.utility.listner.onTestFailure(listner.java:41)
at com.utility.Base_Utility.Custom_click(Base_Utility.java:243)
at Page_Test.Select_Vehicle_Page_Test.TC016_Select_Vehicle(Select_Vehicle_Page_Test.java:95)
at java.base/java.util.ArrayList.forEach(ArrayList.java:1511)
... Removed 25 stack frames]]>
    </failure>
  </testcase> <!-- TC016_Select_Vehicle -->
</testsuite> <!-- Select_Vehicle_Page -->
