<?xml version="1.0" encoding="UTF-8"?>
<!-- Generated by org.testng.reporters.JUnitXMLReporter -->
<testsuite ignored="0" hostname="DESKTOP-DC5U0BQ" failures="0" tests="2" name="Select_Vehicle_Page" time="122.537" errors="0" timestamp="2023-05-25T11:19:30 IST">
  <testcase classname="Page_Test.Select_Vehicle_Page_Test" name="TC004_verify_Nick_Name" time="70.163"/>
  <testcase classname="Page_Test.Select_Vehicle_Page_Test" name="TC005_Select_Vehicle" time="31.996"/>
</testsuite> <!-- Select_Vehicle_Page -->
