<?xml version="1.0" encoding="UTF-8"?>
<!-- Generated by org.testng.reporters.JUnitXMLReporter -->
<testsuite ignored="0" hostname="DESKTOP-DC5U0BQ" failures="0" tests="7" name="Services_Page_Test" time="526.09" errors="0" timestamp="2023-06-15T18:51:07 IST">
  <testcase classname="Page_Test.Services_Page_Test" name="TC029_Vehicle_details_on_service_page" time="61.693"/>
  <testcase classname="Page_Test.Services_Page_Test" name="TC030_verify_service_type" time="2.332"/>
  <testcase classname="Page_Test.Services_Page_Test" name="TC031_verify_Dealer_information" time="5.856"/>
  <testcase classname="Page_Test.Services_Page_Test" name="TC032_Verify_dealer_manager_info" time="7.252"/>
  <testcase classname="Page_Test.Services_Page_Test" name="TC033_Verify_Last_Serviced" time="154.002"/>
  <testcase classname="Page_Test.Services_Page_Test" name="TC035_Verify_all_tips_list" time="93.415"/>
  <testcase classname="Page_Test.Services_Page_Test" name="TC036_Verify_all_DIY_Videos_list" time="142.808"/>
</testsuite> <!-- Services_Page_Test -->
