<?xml version="1.0" encoding="UTF-8"?>
<!-- Generated by org.testng.reporters.JUnitXMLReporter -->
<testsuite ignored="0" hostname="DESKTOP-DC5U0BQ" failures="0" tests="27" name="Services_Page_Test" time="874.415" errors="0" timestamp="2023-07-14T16:26:18 IST">
  <testcase classname="Page_Test.Services_Page_Test" name="TC034_Vehicle_details_on_service_page" time="89.413"/>
  <testcase classname="Page_Test.Services_Page_Test" name="TC035_verify_service_type" time="0.49"/>
  <testcase classname="Page_Test.Services_Page_Test" name="TC036_verify_Dealer_information" time="3.876"/>
  <testcase classname="Page_Test.Services_Page_Test" name="TC037_Verify_dealer_manager_info" time="4.601"/>
  <testcase classname="Page_Test.Services_Page_Test" name="TC038_View_Service_schedule_750" time="24.025"/>
  <testcase classname="Page_Test.Services_Page_Test" name="TC039_View_Service_schedule_3500" time="19.678"/>
  <testcase classname="Page_Test.Services_Page_Test" name="TC040_View_Service_schedule_6500" time="21.899"/>
  <testcase classname="Page_Test.Services_Page_Test" name="TC041_View_Service_schedule_9500" time="19.58"/>
  <testcase classname="Page_Test.Services_Page_Test" name="TC042_View_Service_schedule_12500" time="21.133"/>
  <testcase classname="Page_Test.Services_Page_Test" name="TC043_View_Service_schedule_15500" time="19.768"/>
  <testcase classname="Page_Test.Services_Page_Test" name="TC044_View_Service_schedule_18500" time="18.631"/>
  <testcase classname="Page_Test.Services_Page_Test" name="TC045_View_Service_schedule_21500" time="20.963"/>
  <testcase classname="Page_Test.Services_Page_Test" name="TC046_View_Service_schedule_24500" time="17.982"/>
  <testcase classname="Page_Test.Services_Page_Test" name="TC047_View_Service_schedule_27500" time="21.248"/>
  <testcase classname="Page_Test.Services_Page_Test" name="TC048_View_Service_schedule_60_days" time="18.757"/>
  <testcase classname="Page_Test.Services_Page_Test" name="TC049_View_Service_schedule_160_days" time="19.181"/>
  <testcase classname="Page_Test.Services_Page_Test" name="TC050_View_Service_schedule_260_days" time="20.977"/>
  <testcase classname="Page_Test.Services_Page_Test" name="TC051_View_Service_schedule_360_days" time="18.152"/>
  <testcase classname="Page_Test.Services_Page_Test" name="TC052_View_Service_schedule_460_days" time="20.419"/>
  <testcase classname="Page_Test.Services_Page_Test" name="TC053_View_Service_schedule_560_days" time="19.65"/>
  <testcase classname="Page_Test.Services_Page_Test" name="TC054_View_Service_schedule_660_days" time="17.81"/>
  <testcase classname="Page_Test.Services_Page_Test" name="TC055_View_Service_schedule_760_days" time="19.894"/>
  <testcase classname="Page_Test.Services_Page_Test" name="TC056_View_Service_schedule_860_days" time="18.099"/>
  <testcase classname="Page_Test.Services_Page_Test" name="TC057_View_Service_schedule_960_days" time="21.165"/>
  <testcase classname="Page_Test.Services_Page_Test" name="TC058_Verify_Last_Serviced" time="214.565"/>
  <testcase classname="Page_Test.Services_Page_Test" name="TC059_Verify_all_tips_list" time="73.477"/>
  <testcase classname="Page_Test.Services_Page_Test" name="TC060_Verify_all_DIY_Videos_list" time="70.547"/>
</testsuite> <!-- Services_Page_Test -->
