<?xml version="1.0" encoding="UTF-8"?>
<!-- Generated by org.testng.reporters.JUnitXMLReporter -->
<testsuite ignored="0" hostname="DESKTOP-DC5U0BQ" failures="0" tests="6" name="Vehicle_Details_test" time="452.768" errors="0" timestamp="2023-09-13T16:59:37 IST">
  <testcase classname="Page_Test.Vehicle_Details_test" name="TC037_Verify_My_Vehicle" time="102.026"/>
  <testcase classname="Page_Test.Vehicle_Details_test" name="TC038_Verify_My_Vehicle_more_details" time="21.386"/>
  <testcase classname="Page_Test.Vehicle_Details_test" name="TC039_Verify_My_Vehicle_Documents" time="53.648"/>
  <testcase classname="Page_Test.Vehicle_Details_test" name="TC040_Verify_Owners_Manual" time="24.511"/>
  <testcase classname="Page_Test.Vehicle_Details_test" name="TC041_Verify_my_Vehicle_service_History" time="118.069"/>
  <testcase classname="Page_Test.Vehicle_Details_test" name="TC042_Verify_Tips_and_DIY_videos_inside_sideMenu" time="12.689"/>
</testsuite> <!-- Vehicle_Details_test -->
