<?xml version="1.0" encoding="UTF-8"?>
<!-- Generated by org.testng.reporters.JUnitXMLReporter -->
<testsuite ignored="0" hostname="DESKTOP-DC5U0BQ" failures="0" tests="6" name="Vehicle_Details_test" time="404.856" errors="0" timestamp="2023-07-10T11:40:28 IST">
  <testcase classname="Page_Test.Vehicle_Details_test" name="TC034_Verify_My_Vehicle" time="75.884"/>
  <testcase classname="Page_Test.Vehicle_Details_test" name="TC035_Verify_My_Vehicle_more_details" time="14.148"/>
  <testcase classname="Page_Test.Vehicle_Details_test" name="TC036_Verify_My_Vehicle_Documents" time="96.123"/>
  <testcase classname="Page_Test.Vehicle_Details_test" name="TC037_Verify_Owners_Manual" time="41.632"/>
  <testcase classname="Page_Test.Vehicle_Details_test" name="TC038_Verify_my_Vehicle_service_History" time="152.961"/>
  <testcase classname="Page_Test.Vehicle_Details_test" name="TC039_Verify_Tips_and_DIY_videos_inside_sideMenu" time="7.966"/>
</testsuite> <!-- Vehicle_Details_test -->
