<?xml version="1.0" encoding="UTF-8"?>
<testng-results ignored="0" total="11" passed="11" failed="0" skipped="0">
  <reporter-output>
  </reporter-output>
  <suite started-at="2023-07-05T08:53:08 IST" name="Hero_App" finished-at="2023-07-05T08:59:03 IST" duration-ms="355138">
    <groups>
    </groups>
    <test started-at="2023-07-05T08:53:08 IST" name="Refer_a_friend_and_Contact_us_test" finished-at="2023-07-05T08:59:03 IST" duration-ms="355138">
      <class name="Page_Test.Refer_a_friend_and_Contact_us_test">
        <test-method is-config="true" signature="OPEN_AND_INSTALL_APP()[pri:0, instance:Page_Test.Refer_a_friend_and_Contact_us_test@3cce57c7]" started-at="2023-07-05T08:53:08 IST" name="OPEN_AND_INSTALL_APP" finished-at="2023-07-05T08:54:00 IST" duration-ms="51858" status="PASS">
          <reporter-output>
          </reporter-output>
        </test-method> <!-- OPEN_AND_INSTALL_APP -->
        <test-method signature="TC040_Refer_a_friend()[pri:0, instance:Page_Test.Refer_a_friend_and_Contact_us_test@3cce57c7]" started-at="2023-07-05T08:54:00 IST" name="TC040_Refer_a_friend" finished-at="2023-07-05T08:55:19 IST" duration-ms="79242" status="PASS">
          <reporter-output>
          </reporter-output>
        </test-method> <!-- TC040_Refer_a_friend -->
        <test-method signature="TC041_Verify_Select_State()[pri:1, instance:Page_Test.Refer_a_friend_and_Contact_us_test@3cce57c7]" started-at="2023-07-05T08:55:19 IST" name="TC041_Verify_Select_State" finished-at="2023-07-05T08:55:39 IST" duration-ms="19536" status="PASS">
          <reporter-output>
          </reporter-output>
        </test-method> <!-- TC041_Verify_Select_State -->
        <test-method signature="TC042_Verify_Select_City()[pri:2, instance:Page_Test.Refer_a_friend_and_Contact_us_test@3cce57c7]" started-at="2023-07-05T08:55:39 IST" name="TC042_Verify_Select_City" finished-at="2023-07-05T08:55:45 IST" duration-ms="6038" status="PASS">
          <reporter-output>
          </reporter-output>
        </test-method> <!-- TC042_Verify_Select_City -->
        <test-method signature="TC043_Verify_Select_Model()[pri:3, instance:Page_Test.Refer_a_friend_and_Contact_us_test@3cce57c7]" started-at="2023-07-05T08:55:45 IST" name="TC043_Verify_Select_Model" finished-at="2023-07-05T08:56:12 IST" duration-ms="27186" status="PASS">
          <reporter-output>
          </reporter-output>
        </test-method> <!-- TC043_Verify_Select_Model -->
        <test-method signature="TC044_Verify_Refer_yourself()[pri:4, instance:Page_Test.Refer_a_friend_and_Contact_us_test@3cce57c7]" started-at="2023-07-05T08:56:12 IST" name="TC044_Verify_Refer_yourself" finished-at="2023-07-05T08:56:49 IST" duration-ms="37190" status="PASS">
          <reporter-output>
          </reporter-output>
        </test-method> <!-- TC044_Verify_Refer_yourself -->
        <test-method signature="TC045_Verify_Facebook_in_Contact_us_page()[pri:5, instance:Page_Test.Refer_a_friend_and_Contact_us_test@3cce57c7]" started-at="2023-07-05T08:56:49 IST" name="TC045_Verify_Facebook_in_Contact_us_page" finished-at="2023-07-05T08:57:22 IST" duration-ms="32960" status="PASS">
          <reporter-output>
          </reporter-output>
        </test-method> <!-- TC045_Verify_Facebook_in_Contact_us_page -->
        <test-method signature="TC046_Verify_instagram_in_Contact_us_page()[pri:6, instance:Page_Test.Refer_a_friend_and_Contact_us_test@3cce57c7]" started-at="2023-07-05T08:57:22 IST" name="TC046_Verify_instagram_in_Contact_us_page" finished-at="2023-07-05T08:57:35 IST" duration-ms="13135" status="PASS">
          <reporter-output>
          </reporter-output>
        </test-method> <!-- TC046_Verify_instagram_in_Contact_us_page -->
        <test-method signature="TC047_Verify_Whatsapp_in_Contact_us_page()[pri:7, instance:Page_Test.Refer_a_friend_and_Contact_us_test@3cce57c7]" started-at="2023-07-05T08:57:35 IST" name="TC047_Verify_Whatsapp_in_Contact_us_page" finished-at="2023-07-05T08:57:59 IST" duration-ms="23347" status="PASS">
          <reporter-output>
          </reporter-output>
        </test-method> <!-- TC047_Verify_Whatsapp_in_Contact_us_page -->
        <test-method signature="TC048_Verify_youTube_in_Contact_us_page()[pri:8, instance:Page_Test.Refer_a_friend_and_Contact_us_test@3cce57c7]" started-at="2023-07-05T08:57:59 IST" name="TC048_Verify_youTube_in_Contact_us_page" finished-at="2023-07-05T08:58:06 IST" duration-ms="7552" status="PASS">
          <reporter-output>
          </reporter-output>
        </test-method> <!-- TC048_Verify_youTube_in_Contact_us_page -->
        <test-method signature="TC049_Verify_Linkedin_in_Contact_us_page()[pri:9, instance:Page_Test.Refer_a_friend_and_Contact_us_test@3cce57c7]" started-at="2023-07-05T08:58:06 IST" name="TC049_Verify_Linkedin_in_Contact_us_page" finished-at="2023-07-05T08:58:51 IST" duration-ms="44594" status="PASS">
          <reporter-output>
          </reporter-output>
        </test-method> <!-- TC049_Verify_Linkedin_in_Contact_us_page -->
        <test-method signature="TC050_Verify_twitter_in_Contact_us_page()[pri:10, instance:Page_Test.Refer_a_friend_and_Contact_us_test@3cce57c7]" started-at="2023-07-05T08:58:51 IST" name="TC050_Verify_twitter_in_Contact_us_page" finished-at="2023-07-05T08:59:03 IST" duration-ms="12366" status="PASS">
          <reporter-output>
          </reporter-output>
        </test-method> <!-- TC050_Verify_twitter_in_Contact_us_page -->
      </class> <!-- Page_Test.Refer_a_friend_and_Contact_us_test -->
    </test> <!-- Refer_a_friend_and_Contact_us_test -->
  </suite> <!-- Hero_App -->
</testng-results>
