<?xml version="1.0" encoding="UTF-8"?>
<testng-results ignored="0" total="6" passed="6" failed="0" skipped="0">
  <reporter-output>
  </reporter-output>
  <suite started-at="2023-06-02T18:21:18 IST" name="Hero_App" finished-at="2023-06-02T18:25:16 IST" duration-ms="238182">
    <groups>
    </groups>
    <test started-at="2023-06-02T18:21:18 IST" name="Services_Page_Test" finished-at="2023-06-02T18:25:16 IST" duration-ms="238182">
      <class name="Page_Test.Services_Page_Test">
        <test-method is-config="true" signature="OPEN_AND_INSTALL_APP()[pri:0, instance:Page_Test.Services_Page_Test@20b2475a]" started-at="2023-06-02T18:21:00 IST" name="OPEN_AND_INSTALL_APP" finished-at="2023-06-02T18:21:18 IST" duration-ms="17502" status="PASS">
          <reporter-output>
          </reporter-output>
        </test-method> <!-- OPEN_AND_INSTALL_APP -->
        <test-method signature="TC029_Vehicle_details_on_service_page()[pri:0, instance:Page_Test.Services_Page_Test@20b2475a]" started-at="2023-06-02T18:21:18 IST" name="TC029_Vehicle_details_on_service_page" finished-at="2023-06-02T18:22:15 IST" duration-ms="57410" status="PASS">
          <reporter-output>
          </reporter-output>
        </test-method> <!-- TC029_Vehicle_details_on_service_page -->
        <test-method signature="TC030_verify_service_info_and_raised_button()[pri:1, instance:Page_Test.Services_Page_Test@20b2475a]" started-at="2023-06-02T18:22:15 IST" name="TC030_verify_service_info_and_raised_button" finished-at="2023-06-02T18:22:25 IST" duration-ms="9472" status="PASS">
          <reporter-output>
          </reporter-output>
        </test-method> <!-- TC030_verify_service_info_and_raised_button -->
        <test-method signature="TC031_verify_service_booked_info()[pri:2, instance:Page_Test.Services_Page_Test@20b2475a]" started-at="2023-06-02T18:22:25 IST" name="TC031_verify_service_booked_info" finished-at="2023-06-02T18:22:34 IST" duration-ms="9731" status="PASS">
          <reporter-output>
          </reporter-output>
        </test-method> <!-- TC031_verify_service_booked_info -->
        <test-method signature="TC032_Verify_Last_Serviced()[pri:3, instance:Page_Test.Services_Page_Test@20b2475a]" started-at="2023-06-02T18:22:34 IST" name="TC032_Verify_Last_Serviced" finished-at="2023-06-02T18:23:13 IST" duration-ms="38900" status="PASS">
          <reporter-output>
          </reporter-output>
        </test-method> <!-- TC032_Verify_Last_Serviced -->
        <test-method signature="TC033_Verify_Tips()[pri:4, instance:Page_Test.Services_Page_Test@20b2475a]" started-at="2023-06-02T18:23:13 IST" name="TC033_Verify_Tips" finished-at="2023-06-02T18:24:15 IST" duration-ms="61376" status="PASS">
          <reporter-output>
          </reporter-output>
        </test-method> <!-- TC033_Verify_Tips -->
        <test-method signature="TC034_Verify_DIY_Videos()[pri:5, instance:Page_Test.Services_Page_Test@20b2475a]" started-at="2023-06-02T18:24:15 IST" name="TC034_Verify_DIY_Videos" finished-at="2023-06-02T18:25:16 IST" duration-ms="61251" status="PASS">
          <reporter-output>
          </reporter-output>
        </test-method> <!-- TC034_Verify_DIY_Videos -->
      </class> <!-- Page_Test.Services_Page_Test -->
    </test> <!-- Services_Page_Test -->
  </suite> <!-- Hero_App -->
</testng-results>
