<?xml version="1.0" encoding="UTF-8"?>
<testng-results ignored="0" total="17" passed="15" failed="2" skipped="0">
  <reporter-output>
  </reporter-output>
  <suite started-at="2023-07-13T16:47:41 IST" name="Hero_App" finished-at="2023-07-13T17:00:41 IST" duration-ms="779866">
    <groups>
    </groups>
    <test started-at="2023-07-13T16:47:41 IST" name="Services_Page_Test" finished-at="2023-07-13T17:00:41 IST" duration-ms="779866">
      <class name="Page_Test.Services_Page_Test">
        <test-method is-config="true" signature="OPEN_AND_INSTALL_APP()[pri:0, instance:Page_Test.Services_Page_Test@81d9a72]" started-at="2023-07-13T16:47:41 IST" name="OPEN_AND_INSTALL_APP" finished-at="2023-07-13T16:48:31 IST" duration-ms="49964" status="PASS">
          <reporter-output>
          </reporter-output>
        </test-method> <!-- OPEN_AND_INSTALL_APP -->
        <test-method signature="TC034_Vehicle_details_on_service_page()[pri:0, instance:Page_Test.Services_Page_Test@81d9a72]" started-at="2023-07-13T16:48:31 IST" name="TC034_Vehicle_details_on_service_page" finished-at="2023-07-13T16:49:34 IST" duration-ms="62733" status="PASS">
          <reporter-output>
          </reporter-output>
        </test-method> <!-- TC034_Vehicle_details_on_service_page -->
        <test-method signature="TC035_verify_service_type()[pri:1, instance:Page_Test.Services_Page_Test@81d9a72]" started-at="2023-07-13T16:49:34 IST" name="TC035_verify_service_type" finished-at="2023-07-13T16:49:36 IST" duration-ms="1974" status="PASS">
          <reporter-output>
          </reporter-output>
        </test-method> <!-- TC035_verify_service_type -->
        <test-method signature="TC036_verify_Dealer_information()[pri:2, instance:Page_Test.Services_Page_Test@81d9a72]" started-at="2023-07-13T16:49:36 IST" name="TC036_verify_Dealer_information" finished-at="2023-07-13T16:49:41 IST" duration-ms="5736" status="PASS">
          <reporter-output>
          </reporter-output>
        </test-method> <!-- TC036_verify_Dealer_information -->
        <test-method signature="TC037_Verify_dealer_manager_info()[pri:3, instance:Page_Test.Services_Page_Test@81d9a72]" started-at="2023-07-13T16:49:41 IST" name="TC037_Verify_dealer_manager_info" finished-at="2023-07-13T16:49:47 IST" duration-ms="6043" status="PASS">
          <reporter-output>
          </reporter-output>
        </test-method> <!-- TC037_Verify_dealer_manager_info -->
        <test-method signature="TC038_View_Service_schedule_750()[pri:4, instance:Page_Test.Services_Page_Test@81d9a72]" started-at="2023-07-13T16:49:47 IST" name="TC038_View_Service_schedule_750" finished-at="2023-07-13T16:50:33 IST" duration-ms="45775" status="PASS">
          <reporter-output>
          </reporter-output>
        </test-method> <!-- TC038_View_Service_schedule_750 -->
        <test-method signature="TC039_View_Service_schedule_3500()[pri:5, instance:Page_Test.Services_Page_Test@81d9a72]" started-at="2023-07-13T16:50:33 IST" name="TC039_View_Service_schedule_3500" finished-at="2023-07-13T17:00:39 IST" duration-ms="605404" status="PASS">
          <reporter-output>
          </reporter-output>
        </test-method> <!-- TC039_View_Service_schedule_3500 -->
        <test-method signature="TC040_View_Service_schedule_6500()[pri:6, instance:Page_Test.Services_Page_Test@81d9a72]" started-at="2023-07-13T17:00:39 IST" name="TC040_View_Service_schedule_6500" finished-at="2023-07-13T17:00:39 IST" duration-ms="398" status="PASS">
          <reporter-output>
          </reporter-output>
        </test-method> <!-- TC040_View_Service_schedule_6500 -->
        <test-method signature="TC041_View_Service_schedule_9500()[pri:7, instance:Page_Test.Services_Page_Test@81d9a72]" started-at="2023-07-13T17:00:39 IST" name="TC041_View_Service_schedule_9500" finished-at="2023-07-13T17:00:39 IST" duration-ms="180" status="PASS">
          <reporter-output>
          </reporter-output>
        </test-method> <!-- TC041_View_Service_schedule_9500 -->
        <test-method signature="TC042_View_Service_schedule_12500()[pri:8, instance:Page_Test.Services_Page_Test@81d9a72]" started-at="2023-07-13T17:00:39 IST" name="TC042_View_Service_schedule_12500" finished-at="2023-07-13T17:00:39 IST" duration-ms="234" status="PASS">
          <reporter-output>
          </reporter-output>
        </test-method> <!-- TC042_View_Service_schedule_12500 -->
        <test-method signature="TC043_View_Service_schedule_15500()[pri:9, instance:Page_Test.Services_Page_Test@81d9a72]" started-at="2023-07-13T17:00:39 IST" name="TC043_View_Service_schedule_15500" finished-at="2023-07-13T17:00:40 IST" duration-ms="184" status="PASS">
          <reporter-output>
          </reporter-output>
        </test-method> <!-- TC043_View_Service_schedule_15500 -->
        <test-method signature="TC044_View_Service_schedule_18500()[pri:10, instance:Page_Test.Services_Page_Test@81d9a72]" started-at="2023-07-13T17:00:40 IST" name="TC044_View_Service_schedule_18500" finished-at="2023-07-13T17:00:40 IST" depends-on-methods="TC043_View_Service_schedule_15500()" duration-ms="83" status="PASS">
          <reporter-output>
          </reporter-output>
        </test-method> <!-- TC044_View_Service_schedule_18500 -->
        <test-method signature="TC045_View_Service_schedule_21500()[pri:11, instance:Page_Test.Services_Page_Test@81d9a72]" started-at="2023-07-13T17:00:40 IST" name="TC045_View_Service_schedule_21500" finished-at="2023-07-13T17:00:40 IST" depends-on-methods="TC043_View_Service_schedule_15500()" duration-ms="79" status="PASS">
          <reporter-output>
          </reporter-output>
        </test-method> <!-- TC045_View_Service_schedule_21500 -->
        <test-method signature="TC046_View_Service_schedule_24500()[pri:12, instance:Page_Test.Services_Page_Test@81d9a72]" started-at="2023-07-13T17:00:40 IST" name="TC046_View_Service_schedule_24500" finished-at="2023-07-13T17:00:40 IST" depends-on-methods="TC043_View_Service_schedule_15500()" duration-ms="81" status="PASS">
          <reporter-output>
          </reporter-output>
        </test-method> <!-- TC046_View_Service_schedule_24500 -->
        <test-method signature="TC047_View_Service_schedule_27500()[pri:13, instance:Page_Test.Services_Page_Test@81d9a72]" started-at="2023-07-13T17:00:40 IST" name="TC047_View_Service_schedule_27500" finished-at="2023-07-13T17:00:40 IST" depends-on-methods="TC043_View_Service_schedule_15500()" duration-ms="81" status="PASS">
          <reporter-output>
          </reporter-output>
        </test-method> <!-- TC047_View_Service_schedule_27500 -->
        <test-method signature="TC048_Verify_Last_Serviced()[pri:14, instance:Page_Test.Services_Page_Test@81d9a72]" started-at="2023-07-13T17:00:40 IST" name="TC048_Verify_Last_Serviced" finished-at="2023-07-13T17:00:40 IST" duration-ms="162" status="PASS">
          <reporter-output>
          </reporter-output>
        </test-method> <!-- TC048_Verify_Last_Serviced -->
        <test-method signature="TC049_Verify_all_tips_list()[pri:15, instance:Page_Test.Services_Page_Test@81d9a72]" started-at="2023-07-13T17:00:40 IST" name="TC049_Verify_all_tips_list" finished-at="2023-07-13T17:00:40 IST" duration-ms="275" status="FAIL">
          <exception class="org.openqa.selenium.json.JsonException">
            <message>
              <![CDATA[Unable to parse: ]]>
            </message>
            <full-stacktrace>
              <![CDATA[org.openqa.selenium.json.JsonException: Unable to parse: 
at org.openqa.selenium.json.Json.toType(Json.java:57)
at org.openqa.selenium.json.Json.toType(Json.java:50)
at org.openqa.selenium.remote.codec.w3c.W3CHttpResponseCodec.decode(W3CHttpResponseCodec.java:99)
at org.openqa.selenium.remote.codec.w3c.W3CHttpResponseCodec.decode(W3CHttpResponseCodec.java:53)
at org.openqa.selenium.remote.HttpCommandExecutor.execute(HttpCommandExecutor.java:184)
at io.appium.java_client.remote.AppiumCommandExecutor.execute(AppiumCommandExecutor.java:262)
at org.openqa.selenium.remote.RemoteWebDriver.execute(RemoteWebDriver.java:543)
at org.openqa.selenium.remote.ElementLocation$ElementFinder$2.findElements(ElementLocation.java:179)
at org.openqa.selenium.remote.ElementLocation.findElements(ElementLocation.java:102)
at org.openqa.selenium.remote.RemoteWebDriver.findElements(RemoteWebDriver.java:367)
at org.openqa.selenium.remote.RemoteWebDriver.findElements(RemoteWebDriver.java:359)
at org.openqa.selenium.support.pagefactory.DefaultElementLocator.findElements(DefaultElementLocator.java:87)
at org.openqa.selenium.support.pagefactory.internal.LocatingElementListHandler.invoke(LocatingElementListHandler.java:37)
at jdk.proxy2/jdk.proxy2.$Proxy21.size(Unknown Source)
at com.page_object.Services_Page.tips_list(Services_Page.java:372)
at Page_Test.Services_Page_Test.TC049_Verify_all_tips_list(Services_Page_Test.java:224)
at java.base/jdk.internal.reflect.DirectMethodHandleAccessor.invoke(DirectMethodHandleAccessor.java:104)
at java.base/java.lang.reflect.Method.invoke(Method.java:578)
at org.testng.internal.invokers.MethodInvocationHelper.invokeMethod(MethodInvocationHelper.java:139)
at org.testng.internal.invokers.TestInvoker.invokeMethod(TestInvoker.java:664)
at org.testng.internal.invokers.TestInvoker.invokeTestMethod(TestInvoker.java:227)
at org.testng.internal.invokers.MethodRunner.runInSequence(MethodRunner.java:50)
at org.testng.internal.invokers.TestInvoker$MethodInvocationAgent.invoke(TestInvoker.java:957)
at org.testng.internal.invokers.TestInvoker.invokeTestMethods(TestInvoker.java:200)
at org.testng.internal.invokers.TestMethodWorker.invokeTestMethods(TestMethodWorker.java:148)
at org.testng.internal.invokers.TestMethodWorker.run(TestMethodWorker.java:128)
at java.base/java.util.ArrayList.forEach(ArrayList.java:1511)
at org.testng.TestRunner.privateRun(TestRunner.java:848)
at org.testng.TestRunner.run(TestRunner.java:621)
at org.testng.SuiteRunner.runTest(SuiteRunner.java:443)
at org.testng.SuiteRunner.runSequentially(SuiteRunner.java:437)
at org.testng.SuiteRunner.privateRun(SuiteRunner.java:397)
at org.testng.SuiteRunner.run(SuiteRunner.java:336)
at org.testng.SuiteRunnerWorker.runSuite(SuiteRunnerWorker.java:52)
at org.testng.SuiteRunnerWorker.run(SuiteRunnerWorker.java:95)
at org.testng.TestNG.runSuitesSequentially(TestNG.java:1280)
at org.testng.TestNG.runSuitesLocally(TestNG.java:1200)
at org.testng.TestNG.runSuites(TestNG.java:1114)
at org.testng.TestNG.run(TestNG.java:1082)
at org.testng.remote.AbstractRemoteTestNG.run(AbstractRemoteTestNG.java:115)
at org.testng.remote.RemoteTestNG.initAndRun(RemoteTestNG.java:251)
at org.testng.remote.RemoteTestNG.main(RemoteTestNG.java:77)
Caused by: org.openqa.selenium.json.JsonException: Expected to read a START_MAP but instead have: END. Last 0 characters read: 
Build info: version: '4.8.1', revision: '8ebccac989'
System info: os.name: 'Windows 11', os.arch: 'amd64', os.version: '10.0', java.version: '19.0.1'
Driver info: driver.version: RemoteWebDriver
at org.openqa.selenium.json.JsonInput.expect(JsonInput.java:307)
at org.openqa.selenium.json.JsonInput.beginObject(JsonInput.java:229)
at org.openqa.selenium.json.MapCoercer.lambda$apply$1(MapCoercer.java:64)
at org.openqa.selenium.json.JsonTypeCoercer.lambda$buildCoercer$6(JsonTypeCoercer.java:145)
at org.openqa.selenium.json.JsonTypeCoercer.coerce(JsonTypeCoercer.java:127)
at org.openqa.selenium.json.Json.toType(Json.java:71)
at org.openqa.selenium.json.Json.toType(Json.java:55)
... 41 more
]]>
            </full-stacktrace>
          </exception> <!-- org.openqa.selenium.json.JsonException -->
          <reporter-output>
          </reporter-output>
        </test-method> <!-- TC049_Verify_all_tips_list -->
        <test-method signature="TC050_Verify_all_DIY_Videos_list()[pri:16, instance:Page_Test.Services_Page_Test@81d9a72]" started-at="2023-07-13T17:00:41 IST" name="TC050_Verify_all_DIY_Videos_list" finished-at="2023-07-13T17:00:41 IST" duration-ms="163" status="FAIL">
          <exception class="org.openqa.selenium.json.JsonException">
            <message>
              <![CDATA[Unable to parse: ]]>
            </message>
            <full-stacktrace>
              <![CDATA[org.openqa.selenium.json.JsonException: Unable to parse: 
at org.openqa.selenium.json.Json.toType(Json.java:57)
at org.openqa.selenium.json.Json.toType(Json.java:50)
at org.openqa.selenium.remote.codec.w3c.W3CHttpResponseCodec.decode(W3CHttpResponseCodec.java:99)
at org.openqa.selenium.remote.codec.w3c.W3CHttpResponseCodec.decode(W3CHttpResponseCodec.java:53)
at org.openqa.selenium.remote.HttpCommandExecutor.execute(HttpCommandExecutor.java:184)
at io.appium.java_client.remote.AppiumCommandExecutor.execute(AppiumCommandExecutor.java:262)
at org.openqa.selenium.remote.RemoteWebDriver.execute(RemoteWebDriver.java:543)
at org.openqa.selenium.remote.ElementLocation$ElementFinder$2.findElements(ElementLocation.java:179)
at org.openqa.selenium.remote.ElementLocation.findElements(ElementLocation.java:102)
at org.openqa.selenium.remote.RemoteWebDriver.findElements(RemoteWebDriver.java:367)
at org.openqa.selenium.remote.RemoteWebDriver.findElements(RemoteWebDriver.java:359)
at org.openqa.selenium.support.pagefactory.DefaultElementLocator.findElements(DefaultElementLocator.java:87)
at org.openqa.selenium.support.pagefactory.internal.LocatingElementListHandler.invoke(LocatingElementListHandler.java:37)
at jdk.proxy2/jdk.proxy2.$Proxy21.size(Unknown Source)
at com.page_object.Services_Page.DIY_Videos_list(Services_Page.java:398)
at Page_Test.Services_Page_Test.TC050_Verify_all_DIY_Videos_list(Services_Page_Test.java:230)
at java.base/jdk.internal.reflect.DirectMethodHandleAccessor.invoke(DirectMethodHandleAccessor.java:104)
at java.base/java.lang.reflect.Method.invoke(Method.java:578)
at org.testng.internal.invokers.MethodInvocationHelper.invokeMethod(MethodInvocationHelper.java:139)
at org.testng.internal.invokers.TestInvoker.invokeMethod(TestInvoker.java:664)
at org.testng.internal.invokers.TestInvoker.invokeTestMethod(TestInvoker.java:227)
at org.testng.internal.invokers.MethodRunner.runInSequence(MethodRunner.java:50)
at org.testng.internal.invokers.TestInvoker$MethodInvocationAgent.invoke(TestInvoker.java:957)
at org.testng.internal.invokers.TestInvoker.invokeTestMethods(TestInvoker.java:200)
at org.testng.internal.invokers.TestMethodWorker.invokeTestMethods(TestMethodWorker.java:148)
at org.testng.internal.invokers.TestMethodWorker.run(TestMethodWorker.java:128)
at java.base/java.util.ArrayList.forEach(ArrayList.java:1511)
at org.testng.TestRunner.privateRun(TestRunner.java:848)
at org.testng.TestRunner.run(TestRunner.java:621)
at org.testng.SuiteRunner.runTest(SuiteRunner.java:443)
at org.testng.SuiteRunner.runSequentially(SuiteRunner.java:437)
at org.testng.SuiteRunner.privateRun(SuiteRunner.java:397)
at org.testng.SuiteRunner.run(SuiteRunner.java:336)
at org.testng.SuiteRunnerWorker.runSuite(SuiteRunnerWorker.java:52)
at org.testng.SuiteRunnerWorker.run(SuiteRunnerWorker.java:95)
at org.testng.TestNG.runSuitesSequentially(TestNG.java:1280)
at org.testng.TestNG.runSuitesLocally(TestNG.java:1200)
at org.testng.TestNG.runSuites(TestNG.java:1114)
at org.testng.TestNG.run(TestNG.java:1082)
at org.testng.remote.AbstractRemoteTestNG.run(AbstractRemoteTestNG.java:115)
at org.testng.remote.RemoteTestNG.initAndRun(RemoteTestNG.java:251)
at org.testng.remote.RemoteTestNG.main(RemoteTestNG.java:77)
Caused by: org.openqa.selenium.json.JsonException: Expected to read a START_MAP but instead have: END. Last 0 characters read: 
Build info: version: '4.8.1', revision: '8ebccac989'
System info: os.name: 'Windows 11', os.arch: 'amd64', os.version: '10.0', java.version: '19.0.1'
Driver info: driver.version: RemoteWebDriver
at org.openqa.selenium.json.JsonInput.expect(JsonInput.java:307)
at org.openqa.selenium.json.JsonInput.beginObject(JsonInput.java:229)
at org.openqa.selenium.json.MapCoercer.lambda$apply$1(MapCoercer.java:64)
at org.openqa.selenium.json.JsonTypeCoercer.lambda$buildCoercer$6(JsonTypeCoercer.java:145)
at org.openqa.selenium.json.JsonTypeCoercer.coerce(JsonTypeCoercer.java:127)
at org.openqa.selenium.json.Json.toType(Json.java:71)
at org.openqa.selenium.json.Json.toType(Json.java:55)
... 41 more
]]>
            </full-stacktrace>
          </exception> <!-- org.openqa.selenium.json.JsonException -->
          <reporter-output>
          </reporter-output>
        </test-method> <!-- TC050_Verify_all_DIY_Videos_list -->
      </class> <!-- Page_Test.Services_Page_Test -->
    </test> <!-- Services_Page_Test -->
  </suite> <!-- Hero_App -->
</testng-results>
